<?xml version="1.0" encoding="UTF-8" ?>
<testsuites>
  <testsuite errors="0" failures="0" hostname="raptor" id="0" name="BasicRegexpTest" package="test.model" skipped="0" tests="10" time="0.102" timestamp="2015-11-18T11:57:08">
      <properties>
          <property name="ant.project.invoked-targets" value="runtests" />

          <property name="java.runtime.name" value="OpenJDK Runtime Environment" />

          <property name="sun.boot.library.path" value="/usr/lib/jvm/java-7-openjdk-amd64/jre/lib/amd64" />

          <property name="java.vm.version" value="24.85-b03" />

          <property name="ant.library.dir" value="/usr/share/ant/lib" />

          <property name="ant.version" value="Apache Ant(TM) version 1.9.3 compiled on April 8 2014" />

          <property name="ant.java.version" value="1.7" />

          <property name="java.vm.vendor" value="Oracle Corporation" />

          <property name="java.vendor.url" value="http://java.oracle.com/" />

          <property name="ant.file.regexp_vis" value="/home/cst/sp611/group_co600/src/co600_project/regexp_vis/build.xml" />

          <property name="path.separator" value=":" />

          <property name="java.vm.name" value="OpenJDK 64-Bit Server VM" />

          <property name="file.encoding.pkg" value="sun.io" />

          <property name="user.country" value="GB" />

          <property name="sun.java.launcher" value="SUN_STANDARD" />

          <property name="sun.os.patch.level" value="unknown" />

          <property name="java.vm.specification.name" value="Java Virtual Machine Specification" />

          <property name="user.dir" value="/home/cst/sp611/group_co600/src/co600_project/regexp_vis" />

          <property name="timestamp" value="2015-11-18_115707" />

          <property name="java.runtime.version" value="1.7.0_85-b01" />

          <property name="java.awt.graphicsenv" value="sun.awt.X11GraphicsEnvironment" />

          <property name="basedir" value="/home/cst/sp611/group_co600/src/co600_project/regexp_vis" />

          <property name="java.endorsed.dirs" value="/usr/lib/jvm/java-7-openjdk-amd64/jre/lib/endorsed" />

          <property name="os.arch" value="amd64" />

          <property name="ant.project.default-target" value="jar" />

          <property name="java.io.tmpdir" value="/tmp" />

          <property name="ant.core.lib" value="/usr/share/ant/lib/ant.jar" />

          <property name="line.separator" value="&#xa;" />

          <property name="java.vm.specification.vendor" value="Oracle Corporation" />

          <property name="mainclass" value="main.Program" />

          <property name="os.name" value="Linux" />

          <property name="DSTAMP" value="20151118" />

          <property name="ant.home" value="/usr/share/ant" />

          <property name="ant.project.name" value="regexp_vis" />

          <property name="sun.jnu.encoding" value="UTF-8" />

          <property name="reportdir" value="/home/cst/sp611/group_co600/src/co600_project/regexp_vis/testreports" />

          <property name="TODAY" value="November 18 2015" />

          <property name="java.library.path" value="/usr/java/packages/lib/amd64:/usr/lib/x86_64-linux-gnu/jni:/lib/x86_64-linux-gnu:/usr/lib/x86_64-linux-gnu:/usr/lib/jni:/lib:/usr/lib" />

          <property name="java.class.version" value="51.0" />

          <property name="java.specification.name" value="Java Platform API Specification" />

          <property name="sun.management.compiler" value="HotSpot 64-Bit Tiered Compilers" />

          <property name="os.version" value="3.13.0-68-generic" />

          <property name="ant.file" value="/home/cst/sp611/group_co600/src/co600_project/regexp_vis/build.xml" />

          <property name="user.home" value="/home/cst/sp611" />

          <property name="user.timezone" value="" />

          <property name="java.awt.printerjob" value="sun.print.PSPrinterJob" />

          <property name="java.specification.version" value="1.7" />

          <property name="file.encoding" value="UTF-8" />

          <property name="TSTAMP" value="1157" />

          <property name="java.class.path" value="/home/cst/sp611/group_co600/src/co600_project/regexp_vis/lib/test/hamcrest-core-1.3.jar:/home/cst/sp611/group_co600/src/co600_project/regexp_vis/lib/test/junit-4.12.jar:/home/cst/sp611/group_co600/src/co600_project/regexp_vis/bin:/usr/share/ant/lib/junit.jar:/usr/share/java/ant-launcher-1.9.3.jar:/usr/share/ant/lib/ant.jar:/usr/share/ant/lib/ant-junit.jar:/usr/share/ant/lib/ant-junit4.jar" />

          <property name="user.name" value="sp611" />

          <property name="java.vm.specification.version" value="1.7" />

          <property name="sun.java.command" value="org.apache.tools.ant.taskdefs.optional.junit.JUnitTestRunner test.model.BasicRegexpTest skipNonTests=false filtertrace=true haltOnError=false haltOnFailure=false formatter=org.apache.tools.ant.taskdefs.optional.junit.SummaryJUnitResultFormatter showoutput=false outputtoformatters=true logfailedtests=true logtestlistenerevents=false formatter=org.apache.tools.ant.taskdefs.optional.junit.XMLJUnitResultFormatter,/home/cst/sp611/group_co600/src/co600_project/regexp_vis/testreports/2015-11-18_115707/TEST-test.model.BasicRegexpTest.xml crashfile=/home/cst/sp611/group_co600/src/co600_project/regexp_vis/junitvmwatcher3824696249467712629.properties propsfile=/home/cst/sp611/group_co600/src/co600_project/regexp_vis/junit7458824695324831490.properties" />

          <property name="sun.arch.data.model" value="64" />

          <property name="java.home" value="/usr/lib/jvm/java-7-openjdk-amd64/jre" />

          <property name="java.specification.vendor" value="Oracle Corporation" />

          <property name="user.language" value="en" />

          <property name="awt.toolkit" value="sun.awt.X11.XToolkit" />

          <property name="java.vm.info" value="mixed mode" />

          <property name="java.version" value="1.7.0_85" />

          <property name="java.ext.dirs" value="/usr/lib/jvm/java-7-openjdk-amd64/jre/lib/ext:/usr/java/packages/lib/ext" />

          <property name="ant.file.type.regexp_vis" value="file" />

          <property name="sun.boot.class.path" value="/usr/lib/jvm/java-7-openjdk-amd64/jre/lib/resources.jar:/usr/lib/jvm/java-7-openjdk-amd64/jre/lib/rt.jar:/usr/lib/jvm/java-7-openjdk-amd64/jre/lib/sunrsasign.jar:/usr/lib/jvm/java-7-openjdk-amd64/jre/lib/jsse.jar:/usr/lib/jvm/java-7-openjdk-amd64/jre/lib/jce.jar:/usr/lib/jvm/java-7-openjdk-amd64/jre/lib/charsets.jar:/usr/lib/jvm/java-7-openjdk-amd64/jre/lib/rhino.jar:/usr/lib/jvm/java-7-openjdk-amd64/jre/lib/jfr.jar:/usr/lib/jvm/java-7-openjdk-amd64/jre/classes" />

          <property name="java.vendor" value="Oracle Corporation" />

          <property name="outdir" value="/home/cst/sp611/group_co600/src/co600_project/regexp_vis/testreports/2015-11-18_115707" />

          <property name="file.separator" value="/" />

          <property name="java.vendor.url.bug" value="http://bugreport.sun.com/bugreport/" />

          <property name="sun.cpu.endian" value="little" />

          <property name="sun.io.unicode.encoding" value="UnicodeLittle" />

          <property name="ant.file.type" value="file" />

          <property name="sun.cpu.isalist" value="" />

      </properties>

      <testcase classname="test.model.BasicRegexpTest" name="testParseRegexp_correctness1" time="0.003" />

      <testcase classname="test.model.BasicRegexpTest" name="testParseRegexp_valid1" time="0.0" />

      <testcase classname="test.model.BasicRegexpTest" name="testParseRegexp_valid2" time="0.0" />

      <testcase classname="test.model.BasicRegexpTest" name="testParseRegexp_invalid1" time="0.0" />

      <testcase classname="test.model.BasicRegexpTest" name="testParseRegexp_invalid2" time="0.001" />

      <testcase classname="test.model.BasicRegexpTest" name="testParseRegexp_invalid3" time="0.0" />

      <testcase classname="test.model.BasicRegexpTest" name="testParseRegexp_invalid4" time="0.0" />

      <testcase classname="test.model.BasicRegexpTest" name="testParseRegexp_invalid5" time="0.0" />

      <testcase classname="test.model.BasicRegexpTest" name="testParseRegexp_invalid6" time="0.0" />

      <testcase classname="test.model.BasicRegexpTest" name="testParseRegexp_invalid7" time="0.0" />

      <system-out><![CDATA[[BasicRegexp:SEQUENCE] {
    [BasicRegexp:STAR] {
        [BasicRegexp:CHOICE] {
            [BasicRegexp:SEQUENCE] {
                [BasicRegexp:NONE] char = 0
                [BasicRegexp:NONE] char = 1
            }
            [BasicRegexp:SEQUENCE] {
                [BasicRegexp:NONE] char = 1
                [BasicRegexp:NONE] char = 0
            }
        }
    }
    [BasicRegexp:NONE] char = 1
    [BasicRegexp:NONE] char = 1
    [BasicRegexp:NONE] char = 1
    [BasicRegexp:NONE] char = 1
}
]]></system-out>

      <system-err />

  </testsuite>
  <testsuite errors="0" failures="0" hostname="raptor" id="1" name="CommandHistoryTest" package="test.model" skipped="0" tests="1" time="0.139" timestamp="2015-11-18T11:57:08">
      <properties>
          <property name="ant.project.invoked-targets" value="runtests" />

          <property name="java.runtime.name" value="OpenJDK Runtime Environment" />

          <property name="sun.boot.library.path" value="/usr/lib/jvm/java-7-openjdk-amd64/jre/lib/amd64" />

          <property name="java.vm.version" value="24.85-b03" />

          <property name="ant.library.dir" value="/usr/share/ant/lib" />

          <property name="ant.version" value="Apache Ant(TM) version 1.9.3 compiled on April 8 2014" />

          <property name="ant.java.version" value="1.7" />

          <property name="java.vm.vendor" value="Oracle Corporation" />

          <property name="java.vendor.url" value="http://java.oracle.com/" />

          <property name="ant.file.regexp_vis" value="/home/cst/sp611/group_co600/src/co600_project/regexp_vis/build.xml" />

          <property name="path.separator" value=":" />

          <property name="java.vm.name" value="OpenJDK 64-Bit Server VM" />

          <property name="file.encoding.pkg" value="sun.io" />

          <property name="user.country" value="GB" />

          <property name="sun.java.launcher" value="SUN_STANDARD" />

          <property name="sun.os.patch.level" value="unknown" />

          <property name="java.vm.specification.name" value="Java Virtual Machine Specification" />

          <property name="user.dir" value="/home/cst/sp611/group_co600/src/co600_project/regexp_vis" />

          <property name="timestamp" value="2015-11-18_115707" />

          <property name="java.runtime.version" value="1.7.0_85-b01" />

          <property name="java.awt.graphicsenv" value="sun.awt.X11GraphicsEnvironment" />

          <property name="basedir" value="/home/cst/sp611/group_co600/src/co600_project/regexp_vis" />

          <property name="java.endorsed.dirs" value="/usr/lib/jvm/java-7-openjdk-amd64/jre/lib/endorsed" />

          <property name="os.arch" value="amd64" />

          <property name="ant.project.default-target" value="jar" />

          <property name="java.io.tmpdir" value="/tmp" />

          <property name="ant.core.lib" value="/usr/share/ant/lib/ant.jar" />

          <property name="line.separator" value="&#xa;" />

          <property name="java.vm.specification.vendor" value="Oracle Corporation" />

          <property name="mainclass" value="main.Program" />

          <property name="os.name" value="Linux" />

          <property name="DSTAMP" value="20151118" />

          <property name="ant.home" value="/usr/share/ant" />

          <property name="ant.project.name" value="regexp_vis" />

          <property name="sun.jnu.encoding" value="UTF-8" />

          <property name="reportdir" value="/home/cst/sp611/group_co600/src/co600_project/regexp_vis/testreports" />

          <property name="TODAY" value="November 18 2015" />

          <property name="java.library.path" value="/usr/java/packages/lib/amd64:/usr/lib/x86_64-linux-gnu/jni:/lib/x86_64-linux-gnu:/usr/lib/x86_64-linux-gnu:/usr/lib/jni:/lib:/usr/lib" />

          <property name="java.class.version" value="51.0" />

          <property name="java.specification.name" value="Java Platform API Specification" />

          <property name="sun.management.compiler" value="HotSpot 64-Bit Tiered Compilers" />

          <property name="os.version" value="3.13.0-68-generic" />

          <property name="ant.file" value="/home/cst/sp611/group_co600/src/co600_project/regexp_vis/build.xml" />

          <property name="user.home" value="/home/cst/sp611" />

          <property name="user.timezone" value="" />

          <property name="java.awt.printerjob" value="sun.print.PSPrinterJob" />

          <property name="java.specification.version" value="1.7" />

          <property name="file.encoding" value="UTF-8" />

          <property name="TSTAMP" value="1157" />

          <property name="java.class.path" value="/home/cst/sp611/group_co600/src/co600_project/regexp_vis/lib/test/hamcrest-core-1.3.jar:/home/cst/sp611/group_co600/src/co600_project/regexp_vis/lib/test/junit-4.12.jar:/home/cst/sp611/group_co600/src/co600_project/regexp_vis/bin:/usr/share/ant/lib/junit.jar:/usr/share/java/ant-launcher-1.9.3.jar:/usr/share/ant/lib/ant.jar:/usr/share/ant/lib/ant-junit.jar:/usr/share/ant/lib/ant-junit4.jar" />

          <property name="user.name" value="sp611" />

          <property name="java.vm.specification.version" value="1.7" />

          <property name="sun.java.command" value="org.apache.tools.ant.taskdefs.optional.junit.JUnitTestRunner test.model.CommandHistoryTest skipNonTests=false filtertrace=true haltOnError=false haltOnFailure=false formatter=org.apache.tools.ant.taskdefs.optional.junit.SummaryJUnitResultFormatter showoutput=false outputtoformatters=true logfailedtests=true logtestlistenerevents=false formatter=org.apache.tools.ant.taskdefs.optional.junit.XMLJUnitResultFormatter,/home/cst/sp611/group_co600/src/co600_project/regexp_vis/testreports/2015-11-18_115707/TEST-test.model.CommandHistoryTest.xml crashfile=/home/cst/sp611/group_co600/src/co600_project/regexp_vis/junitvmwatcher3642672254246412859.properties propsfile=/home/cst/sp611/group_co600/src/co600_project/regexp_vis/junit4855513877215447854.properties" />

          <property name="sun.arch.data.model" value="64" />

          <property name="java.home" value="/usr/lib/jvm/java-7-openjdk-amd64/jre" />

          <property name="java.specification.vendor" value="Oracle Corporation" />

          <property name="user.language" value="en" />

          <property name="awt.toolkit" value="sun.awt.X11.XToolkit" />

          <property name="java.vm.info" value="mixed mode" />

          <property name="java.version" value="1.7.0_85" />

          <property name="java.ext.dirs" value="/usr/lib/jvm/java-7-openjdk-amd64/jre/lib/ext:/usr/java/packages/lib/ext" />

          <property name="ant.file.type.regexp_vis" value="file" />

          <property name="sun.boot.class.path" value="/usr/lib/jvm/java-7-openjdk-amd64/jre/lib/resources.jar:/usr/lib/jvm/java-7-openjdk-amd64/jre/lib/rt.jar:/usr/lib/jvm/java-7-openjdk-amd64/jre/lib/sunrsasign.jar:/usr/lib/jvm/java-7-openjdk-amd64/jre/lib/jsse.jar:/usr/lib/jvm/java-7-openjdk-amd64/jre/lib/jce.jar:/usr/lib/jvm/java-7-openjdk-amd64/jre/lib/charsets.jar:/usr/lib/jvm/java-7-openjdk-amd64/jre/lib/rhino.jar:/usr/lib/jvm/java-7-openjdk-amd64/jre/lib/jfr.jar:/usr/lib/jvm/java-7-openjdk-amd64/jre/classes" />

          <property name="java.vendor" value="Oracle Corporation" />

          <property name="outdir" value="/home/cst/sp611/group_co600/src/co600_project/regexp_vis/testreports/2015-11-18_115707" />

          <property name="file.separator" value="/" />

          <property name="java.vendor.url.bug" value="http://bugreport.sun.com/bugreport/" />

          <property name="sun.cpu.endian" value="little" />

          <property name="sun.io.unicode.encoding" value="UnicodeLittle" />

          <property name="ant.file.type" value="file" />

          <property name="sun.cpu.isalist" value="" />

      </properties>

      <testcase classname="test.model.CommandHistoryTest" name="testAutomatonHistoryComplex" time="0.005" />

      <system-out />

      <system-err />

  </testsuite>
  <testsuite errors="1" failures="0" hostname="raptor" id="2" name="GraphLayoutTest" package="test.ui" skipped="0" tests="1" time="0.0" timestamp="2015-11-18T11:57:09">
      <properties>
          <property name="ant.project.invoked-targets" value="runtests" />

          <property name="java.runtime.name" value="OpenJDK Runtime Environment" />

          <property name="sun.boot.library.path" value="/usr/lib/jvm/java-7-openjdk-amd64/jre/lib/amd64" />

          <property name="java.vm.version" value="24.85-b03" />

          <property name="ant.library.dir" value="/usr/share/ant/lib" />

          <property name="ant.version" value="Apache Ant(TM) version 1.9.3 compiled on April 8 2014" />

          <property name="ant.java.version" value="1.7" />

          <property name="java.vm.vendor" value="Oracle Corporation" />

          <property name="java.vendor.url" value="http://java.oracle.com/" />

          <property name="ant.file.regexp_vis" value="/home/cst/sp611/group_co600/src/co600_project/regexp_vis/build.xml" />

          <property name="path.separator" value=":" />

          <property name="java.vm.name" value="OpenJDK 64-Bit Server VM" />

          <property name="file.encoding.pkg" value="sun.io" />

          <property name="user.country" value="GB" />

          <property name="sun.java.launcher" value="SUN_STANDARD" />

          <property name="sun.os.patch.level" value="unknown" />

          <property name="java.vm.specification.name" value="Java Virtual Machine Specification" />

          <property name="user.dir" value="/home/cst/sp611/group_co600/src/co600_project/regexp_vis" />

          <property name="timestamp" value="2015-11-18_115707" />

          <property name="java.runtime.version" value="1.7.0_85-b01" />

          <property name="java.awt.graphicsenv" value="sun.awt.X11GraphicsEnvironment" />

          <property name="basedir" value="/home/cst/sp611/group_co600/src/co600_project/regexp_vis" />

          <property name="java.endorsed.dirs" value="/usr/lib/jvm/java-7-openjdk-amd64/jre/lib/endorsed" />

          <property name="os.arch" value="amd64" />

          <property name="ant.project.default-target" value="jar" />

          <property name="java.io.tmpdir" value="/tmp" />

          <property name="ant.core.lib" value="/usr/share/ant/lib/ant.jar" />

          <property name="line.separator" value="&#xa;" />

          <property name="java.vm.specification.vendor" value="Oracle Corporation" />

          <property name="mainclass" value="main.Program" />

          <property name="os.name" value="Linux" />

          <property name="DSTAMP" value="20151118" />

          <property name="ant.home" value="/usr/share/ant" />

          <property name="ant.project.name" value="regexp_vis" />

          <property name="sun.jnu.encoding" value="UTF-8" />

          <property name="reportdir" value="/home/cst/sp611/group_co600/src/co600_project/regexp_vis/testreports" />

          <property name="TODAY" value="November 18 2015" />

          <property name="java.library.path" value="/usr/java/packages/lib/amd64:/usr/lib/x86_64-linux-gnu/jni:/lib/x86_64-linux-gnu:/usr/lib/x86_64-linux-gnu:/usr/lib/jni:/lib:/usr/lib" />

          <property name="java.class.version" value="51.0" />

          <property name="java.specification.name" value="Java Platform API Specification" />

          <property name="sun.management.compiler" value="HotSpot 64-Bit Tiered Compilers" />

          <property name="os.version" value="3.13.0-68-generic" />

          <property name="ant.file" value="/home/cst/sp611/group_co600/src/co600_project/regexp_vis/build.xml" />

          <property name="user.home" value="/home/cst/sp611" />

          <property name="user.timezone" value="" />

          <property name="java.awt.printerjob" value="sun.print.PSPrinterJob" />

          <property name="java.specification.version" value="1.7" />

          <property name="file.encoding" value="UTF-8" />

          <property name="TSTAMP" value="1157" />

          <property name="java.class.path" value="/home/cst/sp611/group_co600/src/co600_project/regexp_vis/lib/test/hamcrest-core-1.3.jar:/home/cst/sp611/group_co600/src/co600_project/regexp_vis/lib/test/junit-4.12.jar:/home/cst/sp611/group_co600/src/co600_project/regexp_vis/bin:/usr/share/ant/lib/junit.jar:/usr/share/java/ant-launcher-1.9.3.jar:/usr/share/ant/lib/ant.jar:/usr/share/ant/lib/ant-junit.jar:/usr/share/ant/lib/ant-junit4.jar" />

          <property name="user.name" value="sp611" />

          <property name="java.vm.specification.version" value="1.7" />

          <property name="sun.java.command" value="org.apache.tools.ant.taskdefs.optional.junit.JUnitTestRunner test.ui.GraphLayoutTest skipNonTests=false filtertrace=true haltOnError=false haltOnFailure=false formatter=org.apache.tools.ant.taskdefs.optional.junit.SummaryJUnitResultFormatter showoutput=false outputtoformatters=true logfailedtests=true logtestlistenerevents=false formatter=org.apache.tools.ant.taskdefs.optional.junit.XMLJUnitResultFormatter,/home/cst/sp611/group_co600/src/co600_project/regexp_vis/testreports/2015-11-18_115707/TEST-test.ui.GraphLayoutTest.xml crashfile=/home/cst/sp611/group_co600/src/co600_project/regexp_vis/junitvmwatcher3372760219491328099.properties propsfile=/home/cst/sp611/group_co600/src/co600_project/regexp_vis/junit6254008521472458622.properties" />

          <property name="sun.arch.data.model" value="64" />

          <property name="java.home" value="/usr/lib/jvm/java-7-openjdk-amd64/jre" />

          <property name="java.specification.vendor" value="Oracle Corporation" />

          <property name="user.language" value="en" />

          <property name="awt.toolkit" value="sun.awt.X11.XToolkit" />

          <property name="java.vm.info" value="mixed mode" />

          <property name="java.version" value="1.7.0_85" />

          <property name="java.ext.dirs" value="/usr/lib/jvm/java-7-openjdk-amd64/jre/lib/ext:/usr/java/packages/lib/ext" />

          <property name="ant.file.type.regexp_vis" value="file" />

          <property name="sun.boot.class.path" value="/usr/lib/jvm/java-7-openjdk-amd64/jre/lib/resources.jar:/usr/lib/jvm/java-7-openjdk-amd64/jre/lib/rt.jar:/usr/lib/jvm/java-7-openjdk-amd64/jre/lib/sunrsasign.jar:/usr/lib/jvm/java-7-openjdk-amd64/jre/lib/jsse.jar:/usr/lib/jvm/java-7-openjdk-amd64/jre/lib/jce.jar:/usr/lib/jvm/java-7-openjdk-amd64/jre/lib/charsets.jar:/usr/lib/jvm/java-7-openjdk-amd64/jre/lib/rhino.jar:/usr/lib/jvm/java-7-openjdk-amd64/jre/lib/jfr.jar:/usr/lib/jvm/java-7-openjdk-amd64/jre/classes" />

          <property name="java.vendor" value="Oracle Corporation" />

          <property name="outdir" value="/home/cst/sp611/group_co600/src/co600_project/regexp_vis/testreports/2015-11-18_115707" />

          <property name="file.separator" value="/" />

          <property name="java.vendor.url.bug" value="http://bugreport.sun.com/bugreport/" />

          <property name="sun.cpu.endian" value="little" />

          <property name="sun.io.unicode.encoding" value="UnicodeLittle" />

          <property name="ant.file.type" value="file" />

          <property name="sun.cpu.isalist" value="" />

      </properties>

      <error message="com/mxgraph/swing/mxGraphComponent" type="java.lang.NoClassDefFoundError">java.lang.NoClassDefFoundError: com/mxgraph/swing/mxGraphComponent
	at java.lang.ClassLoader.defineClass1(Native Method)
	at java.lang.ClassLoader.defineClass(ClassLoader.java:800)
	at java.security.SecureClassLoader.defineClass(SecureClassLoader.java:142)
	at java.net.URLClassLoader.defineClass(URLClassLoader.java:449)
	at java.net.URLClassLoader.access$100(URLClassLoader.java:71)
	at java.net.URLClassLoader$1.run(URLClassLoader.java:361)
	at java.net.URLClassLoader$1.run(URLClassLoader.java:355)
	at java.security.AccessController.doPrivileged(Native Method)
	at java.net.URLClassLoader.findClass(URLClassLoader.java:354)
	at java.lang.ClassLoader.loadClass(ClassLoader.java:425)
	at sun.misc.Launcher$AppClassLoader.loadClass(Launcher.java:308)
	at java.lang.ClassLoader.loadClass(ClassLoader.java:358)
	at java.lang.Class.forName0(Native Method)
	at java.lang.Class.forName(Class.java:195)
Caused by: java.lang.ClassNotFoundException: com.mxgraph.swing.mxGraphComponent
	at java.net.URLClassLoader$1.run(URLClassLoader.java:366)
	at java.net.URLClassLoader$1.run(URLClassLoader.java:355)
	at java.security.AccessController.doPrivileged(Native Method)
	at java.net.URLClassLoader.findClass(URLClassLoader.java:354)
	at java.lang.ClassLoader.loadClass(ClassLoader.java:425)
	at sun.misc.Launcher$AppClassLoader.loadClass(Launcher.java:308)
	at java.lang.ClassLoader.loadClass(ClassLoader.java:358)
</error>

      <system-out />

      <system-err />

  </testsuite>
  <testsuite errors="0" failures="10" hostname="raptor" id="3" name="GraphStateTest" package="test.ui" skipped="0" tests="10" time="0.412" timestamp="2015-11-18T11:57:10">
      <properties>
          <property name="ant.project.invoked-targets" value="runtests" />

          <property name="java.runtime.name" value="OpenJDK Runtime Environment" />

          <property name="sun.boot.library.path" value="/usr/lib/jvm/java-7-openjdk-amd64/jre/lib/amd64" />

          <property name="java.vm.version" value="24.85-b03" />

          <property name="ant.library.dir" value="/usr/share/ant/lib" />

          <property name="ant.version" value="Apache Ant(TM) version 1.9.3 compiled on April 8 2014" />

          <property name="ant.java.version" value="1.7" />

          <property name="java.vm.vendor" value="Oracle Corporation" />

          <property name="java.vendor.url" value="http://java.oracle.com/" />

          <property name="ant.file.regexp_vis" value="/home/cst/sp611/group_co600/src/co600_project/regexp_vis/build.xml" />

          <property name="path.separator" value=":" />

          <property name="java.vm.name" value="OpenJDK 64-Bit Server VM" />

          <property name="file.encoding.pkg" value="sun.io" />

          <property name="user.country" value="GB" />

          <property name="sun.java.launcher" value="SUN_STANDARD" />

          <property name="sun.os.patch.level" value="unknown" />

          <property name="java.vm.specification.name" value="Java Virtual Machine Specification" />

          <property name="user.dir" value="/home/cst/sp611/group_co600/src/co600_project/regexp_vis" />

          <property name="timestamp" value="2015-11-18_115707" />

          <property name="java.runtime.version" value="1.7.0_85-b01" />

          <property name="java.awt.graphicsenv" value="sun.awt.X11GraphicsEnvironment" />

          <property name="basedir" value="/home/cst/sp611/group_co600/src/co600_project/regexp_vis" />

          <property name="java.endorsed.dirs" value="/usr/lib/jvm/java-7-openjdk-amd64/jre/lib/endorsed" />

          <property name="os.arch" value="amd64" />

          <property name="ant.project.default-target" value="jar" />

          <property name="java.io.tmpdir" value="/tmp" />

          <property name="ant.core.lib" value="/usr/share/ant/lib/ant.jar" />

          <property name="line.separator" value="&#xa;" />

          <property name="java.vm.specification.vendor" value="Oracle Corporation" />

          <property name="mainclass" value="main.Program" />

          <property name="os.name" value="Linux" />

          <property name="DSTAMP" value="20151118" />

          <property name="ant.home" value="/usr/share/ant" />

          <property name="ant.project.name" value="regexp_vis" />

          <property name="sun.jnu.encoding" value="UTF-8" />

          <property name="reportdir" value="/home/cst/sp611/group_co600/src/co600_project/regexp_vis/testreports" />

          <property name="TODAY" value="November 18 2015" />

          <property name="java.library.path" value="/usr/java/packages/lib/amd64:/usr/lib/x86_64-linux-gnu/jni:/lib/x86_64-linux-gnu:/usr/lib/x86_64-linux-gnu:/usr/lib/jni:/lib:/usr/lib" />

          <property name="java.class.version" value="51.0" />

          <property name="java.specification.name" value="Java Platform API Specification" />

          <property name="sun.management.compiler" value="HotSpot 64-Bit Tiered Compilers" />

          <property name="os.version" value="3.13.0-68-generic" />

          <property name="ant.file" value="/home/cst/sp611/group_co600/src/co600_project/regexp_vis/build.xml" />

          <property name="user.home" value="/home/cst/sp611" />

          <property name="user.timezone" value="" />

          <property name="java.awt.printerjob" value="sun.print.PSPrinterJob" />

          <property name="java.specification.version" value="1.7" />

          <property name="file.encoding" value="UTF-8" />

          <property name="TSTAMP" value="1157" />

          <property name="java.class.path" value="/home/cst/sp611/group_co600/src/co600_project/regexp_vis/lib/test/hamcrest-core-1.3.jar:/home/cst/sp611/group_co600/src/co600_project/regexp_vis/lib/test/junit-4.12.jar:/home/cst/sp611/group_co600/src/co600_project/regexp_vis/bin:/usr/share/ant/lib/junit.jar:/usr/share/java/ant-launcher-1.9.3.jar:/usr/share/ant/lib/ant.jar:/usr/share/ant/lib/ant-junit.jar:/usr/share/ant/lib/ant-junit4.jar" />

          <property name="user.name" value="sp611" />

          <property name="java.vm.specification.version" value="1.7" />

          <property name="sun.java.command" value="org.apache.tools.ant.taskdefs.optional.junit.JUnitTestRunner test.ui.GraphStateTest skipNonTests=false filtertrace=true haltOnError=false haltOnFailure=false formatter=org.apache.tools.ant.taskdefs.optional.junit.SummaryJUnitResultFormatter showoutput=false outputtoformatters=true logfailedtests=true logtestlistenerevents=false formatter=org.apache.tools.ant.taskdefs.optional.junit.XMLJUnitResultFormatter,/home/cst/sp611/group_co600/src/co600_project/regexp_vis/testreports/2015-11-18_115707/TEST-test.ui.GraphStateTest.xml crashfile=/home/cst/sp611/group_co600/src/co600_project/regexp_vis/junitvmwatcher6153807294929384462.properties propsfile=/home/cst/sp611/group_co600/src/co600_project/regexp_vis/junit5230006934113934119.properties" />

          <property name="sun.arch.data.model" value="64" />

          <property name="java.home" value="/usr/lib/jvm/java-7-openjdk-amd64/jre" />

          <property name="java.specification.vendor" value="Oracle Corporation" />

          <property name="user.language" value="en" />

          <property name="awt.toolkit" value="sun.awt.X11.XToolkit" />

          <property name="java.vm.info" value="mixed mode" />

          <property name="java.version" value="1.7.0_85" />

          <property name="java.ext.dirs" value="/usr/lib/jvm/java-7-openjdk-amd64/jre/lib/ext:/usr/java/packages/lib/ext" />

          <property name="ant.file.type.regexp_vis" value="file" />

          <property name="sun.boot.class.path" value="/usr/lib/jvm/java-7-openjdk-amd64/jre/lib/resources.jar:/usr/lib/jvm/java-7-openjdk-amd64/jre/lib/rt.jar:/usr/lib/jvm/java-7-openjdk-amd64/jre/lib/sunrsasign.jar:/usr/lib/jvm/java-7-openjdk-amd64/jre/lib/jsse.jar:/usr/lib/jvm/java-7-openjdk-amd64/jre/lib/jce.jar:/usr/lib/jvm/java-7-openjdk-amd64/jre/lib/charsets.jar:/usr/lib/jvm/java-7-openjdk-amd64/jre/lib/rhino.jar:/usr/lib/jvm/java-7-openjdk-amd64/jre/lib/jfr.jar:/usr/lib/jvm/java-7-openjdk-amd64/jre/classes" />

          <property name="java.vendor" value="Oracle Corporation" />

          <property name="outdir" value="/home/cst/sp611/group_co600/src/co600_project/regexp_vis/testreports/2015-11-18_115707" />

          <property name="file.separator" value="/" />

          <property name="java.vendor.url.bug" value="http://bugreport.sun.com/bugreport/" />

          <property name="sun.cpu.endian" value="little" />

          <property name="sun.io.unicode.encoding" value="UnicodeLittle" />

          <property name="ant.file.type" value="file" />

          <property name="sun.cpu.isalist" value="" />

      </properties>

      <testcase classname="test.ui.GraphStateTest" name="testGraphStateMxICell" time="0.008">
          <failure message="Not yet implemented" type="junit.framework.AssertionFailedError">junit.framework.AssertionFailedError: Not yet implemented
	at test.ui.GraphStateTest.testGraphStateMxICell(Unknown Source)
</failure>

      </testcase>

      <testcase classname="test.ui.GraphStateTest" name="testGetState" time="0.001">
          <failure message="Not yet implemented" type="junit.framework.AssertionFailedError">junit.framework.AssertionFailedError: Not yet implemented
	at test.ui.GraphStateTest.testGetState(Unknown Source)
</failure>

      </testcase>

      <testcase classname="test.ui.GraphStateTest" name="testToString" time="0.001">
          <failure message="Not yet implemented" type="junit.framework.AssertionFailedError">junit.framework.AssertionFailedError: Not yet implemented
	at test.ui.GraphStateTest.testToString(Unknown Source)
</failure>

      </testcase>

      <testcase classname="test.ui.GraphStateTest" name="testGraphStateMxICellBoolean" time="0.001">
          <failure message="Not yet implemented" type="junit.framework.AssertionFailedError">junit.framework.AssertionFailedError: Not yet implemented
	at test.ui.GraphStateTest.testGraphStateMxICellBoolean(Unknown Source)
</failure>

      </testcase>

      <testcase classname="test.ui.GraphStateTest" name="testHashCode" time="0.001">
          <failure message="Not yet implemented" type="junit.framework.AssertionFailedError">junit.framework.AssertionFailedError: Not yet implemented
	at test.ui.GraphStateTest.testHashCode(Unknown Source)
</failure>

      </testcase>

      <testcase classname="test.ui.GraphStateTest" name="testEquals" time="0.001">
          <failure message="Not yet implemented" type="junit.framework.AssertionFailedError">junit.framework.AssertionFailedError: Not yet implemented
	at test.ui.GraphStateTest.testEquals(Unknown Source)
</failure>

      </testcase>

      <testcase classname="test.ui.GraphStateTest" name="testIsFinal" time="0.001">
          <failure message="Not yet implemented" type="junit.framework.AssertionFailedError">junit.framework.AssertionFailedError: Not yet implemented
	at test.ui.GraphStateTest.testIsFinal(Unknown Source)
</failure>

      </testcase>

      <testcase classname="test.ui.GraphStateTest" name="testIsStart" time="0.001">
          <failure message="Not yet implemented" type="junit.framework.AssertionFailedError">junit.framework.AssertionFailedError: Not yet implemented
	at test.ui.GraphStateTest.testIsStart(Unknown Source)
</failure>

      </testcase>

      <testcase classname="test.ui.GraphStateTest" name="testSetFinal" time="0.001">
          <failure message="Not yet implemented" type="junit.framework.AssertionFailedError">junit.framework.AssertionFailedError: Not yet implemented
	at test.ui.GraphStateTest.testSetFinal(Unknown Source)
</failure>

      </testcase>

      <testcase classname="test.ui.GraphStateTest" name="testSetStart" time="0.001">
          <failure message="Not yet implemented" type="junit.framework.AssertionFailedError">junit.framework.AssertionFailedError: Not yet implemented
	at test.ui.GraphStateTest.testSetStart(Unknown Source)
</failure>

      </testcase>

      <system-out />

      <system-err />

  </testsuite>
  <testsuite errors="0" failures="26" hostname="raptor" id="4" name="GraphTest" package="test.ui" skipped="0" tests="26" time="1.292" timestamp="2015-11-18T11:57:11">
      <properties>
          <property name="ant.project.invoked-targets" value="runtests" />

          <property name="java.runtime.name" value="OpenJDK Runtime Environment" />

          <property name="sun.boot.library.path" value="/usr/lib/jvm/java-7-openjdk-amd64/jre/lib/amd64" />

          <property name="java.vm.version" value="24.85-b03" />

          <property name="ant.library.dir" value="/usr/share/ant/lib" />

          <property name="ant.version" value="Apache Ant(TM) version 1.9.3 compiled on April 8 2014" />

          <property name="ant.java.version" value="1.7" />

          <property name="java.vm.vendor" value="Oracle Corporation" />

          <property name="java.vendor.url" value="http://java.oracle.com/" />

          <property name="ant.file.regexp_vis" value="/home/cst/sp611/group_co600/src/co600_project/regexp_vis/build.xml" />

          <property name="path.separator" value=":" />

          <property name="java.vm.name" value="OpenJDK 64-Bit Server VM" />

          <property name="file.encoding.pkg" value="sun.io" />

          <property name="user.country" value="GB" />

          <property name="sun.java.launcher" value="SUN_STANDARD" />

          <property name="sun.os.patch.level" value="unknown" />

          <property name="java.vm.specification.name" value="Java Virtual Machine Specification" />

          <property name="user.dir" value="/home/cst/sp611/group_co600/src/co600_project/regexp_vis" />

          <property name="timestamp" value="2015-11-18_115707" />

          <property name="java.runtime.version" value="1.7.0_85-b01" />

          <property name="java.awt.graphicsenv" value="sun.awt.X11GraphicsEnvironment" />

          <property name="basedir" value="/home/cst/sp611/group_co600/src/co600_project/regexp_vis" />

          <property name="java.endorsed.dirs" value="/usr/lib/jvm/java-7-openjdk-amd64/jre/lib/endorsed" />

          <property name="os.arch" value="amd64" />

          <property name="ant.project.default-target" value="jar" />

          <property name="java.io.tmpdir" value="/tmp" />

          <property name="ant.core.lib" value="/usr/share/ant/lib/ant.jar" />

          <property name="line.separator" value="&#xa;" />

          <property name="java.vm.specification.vendor" value="Oracle Corporation" />

          <property name="mainclass" value="main.Program" />

          <property name="os.name" value="Linux" />

          <property name="DSTAMP" value="20151118" />

          <property name="ant.home" value="/usr/share/ant" />

          <property name="ant.project.name" value="regexp_vis" />

          <property name="sun.jnu.encoding" value="UTF-8" />

          <property name="reportdir" value="/home/cst/sp611/group_co600/src/co600_project/regexp_vis/testreports" />

          <property name="TODAY" value="November 18 2015" />

          <property name="java.library.path" value="/usr/java/packages/lib/amd64:/usr/lib/x86_64-linux-gnu/jni:/lib/x86_64-linux-gnu:/usr/lib/x86_64-linux-gnu:/usr/lib/jni:/lib:/usr/lib" />

          <property name="java.class.version" value="51.0" />

          <property name="java.specification.name" value="Java Platform API Specification" />

          <property name="sun.management.compiler" value="HotSpot 64-Bit Tiered Compilers" />

          <property name="os.version" value="3.13.0-68-generic" />

          <property name="ant.file" value="/home/cst/sp611/group_co600/src/co600_project/regexp_vis/build.xml" />

          <property name="user.home" value="/home/cst/sp611" />

          <property name="user.timezone" value="" />

          <property name="java.awt.printerjob" value="sun.print.PSPrinterJob" />

          <property name="java.specification.version" value="1.7" />

          <property name="file.encoding" value="UTF-8" />

          <property name="TSTAMP" value="1157" />

          <property name="java.class.path" value="/home/cst/sp611/group_co600/src/co600_project/regexp_vis/lib/test/hamcrest-core-1.3.jar:/home/cst/sp611/group_co600/src/co600_project/regexp_vis/lib/test/junit-4.12.jar:/home/cst/sp611/group_co600/src/co600_project/regexp_vis/bin:/usr/share/ant/lib/junit.jar:/usr/share/java/ant-launcher-1.9.3.jar:/usr/share/ant/lib/ant.jar:/usr/share/ant/lib/ant-junit.jar:/usr/share/ant/lib/ant-junit4.jar" />

          <property name="user.name" value="sp611" />

          <property name="java.vm.specification.version" value="1.7" />

          <property name="sun.java.command" value="org.apache.tools.ant.taskdefs.optional.junit.JUnitTestRunner test.ui.GraphTest skipNonTests=false filtertrace=true haltOnError=false haltOnFailure=false formatter=org.apache.tools.ant.taskdefs.optional.junit.SummaryJUnitResultFormatter showoutput=false outputtoformatters=true logfailedtests=true logtestlistenerevents=false formatter=org.apache.tools.ant.taskdefs.optional.junit.XMLJUnitResultFormatter,/home/cst/sp611/group_co600/src/co600_project/regexp_vis/testreports/2015-11-18_115707/TEST-test.ui.GraphTest.xml crashfile=/home/cst/sp611/group_co600/src/co600_project/regexp_vis/junitvmwatcher8158722981581284851.properties propsfile=/home/cst/sp611/group_co600/src/co600_project/regexp_vis/junit4909777304626118935.properties" />

          <property name="sun.arch.data.model" value="64" />

          <property name="java.home" value="/usr/lib/jvm/java-7-openjdk-amd64/jre" />

          <property name="java.specification.vendor" value="Oracle Corporation" />

          <property name="user.language" value="en" />

          <property name="awt.toolkit" value="sun.awt.X11.XToolkit" />

          <property name="java.vm.info" value="mixed mode" />

          <property name="java.version" value="1.7.0_85" />

          <property name="java.ext.dirs" value="/usr/lib/jvm/java-7-openjdk-amd64/jre/lib/ext:/usr/java/packages/lib/ext" />

          <property name="ant.file.type.regexp_vis" value="file" />

          <property name="sun.boot.class.path" value="/usr/lib/jvm/java-7-openjdk-amd64/jre/lib/resources.jar:/usr/lib/jvm/java-7-openjdk-amd64/jre/lib/rt.jar:/usr/lib/jvm/java-7-openjdk-amd64/jre/lib/sunrsasign.jar:/usr/lib/jvm/java-7-openjdk-amd64/jre/lib/jsse.jar:/usr/lib/jvm/java-7-openjdk-amd64/jre/lib/jce.jar:/usr/lib/jvm/java-7-openjdk-amd64/jre/lib/charsets.jar:/usr/lib/jvm/java-7-openjdk-amd64/jre/lib/rhino.jar:/usr/lib/jvm/java-7-openjdk-amd64/jre/lib/jfr.jar:/usr/lib/jvm/java-7-openjdk-amd64/jre/classes" />

          <property name="java.vendor" value="Oracle Corporation" />

          <property name="outdir" value="/home/cst/sp611/group_co600/src/co600_project/regexp_vis/testreports/2015-11-18_115707" />

          <property name="file.separator" value="/" />

          <property name="java.vendor.url.bug" value="http://bugreport.sun.com/bugreport/" />

          <property name="sun.cpu.endian" value="little" />

          <property name="sun.io.unicode.encoding" value="UnicodeLittle" />

          <property name="ant.file.type" value="file" />

          <property name="sun.cpu.isalist" value="" />

      </properties>

      <testcase classname="test.ui.GraphTest" name="testContainsTransitionGraphTransition" time="0.008">
          <failure message="Not yet implemented" type="junit.framework.AssertionFailedError">junit.framework.AssertionFailedError: Not yet implemented
	at test.ui.GraphTest.testContainsTransitionGraphTransition(Unknown Source)
</failure>

      </testcase>

      <testcase classname="test.ui.GraphTest" name="testRemoveTransition" time="0.001">
          <failure message="Not yet implemented" type="junit.framework.AssertionFailedError">junit.framework.AssertionFailedError: Not yet implemented
	at test.ui.GraphTest.testRemoveTransition(Unknown Source)
</failure>

      </testcase>

      <testcase classname="test.ui.GraphTest" name="testAddAutomaton" time="0.001">
          <failure message="Not yet implemented" type="junit.framework.AssertionFailedError">junit.framework.AssertionFailedError: Not yet implemented
	at test.ui.GraphTest.testAddAutomaton(Unknown Source)
</failure>

      </testcase>

      <testcase classname="test.ui.GraphTest" name="testInsertAutomatonState" time="0.001">
          <failure message="Not yet implemented" type="junit.framework.AssertionFailedError">junit.framework.AssertionFailedError: Not yet implemented
	at test.ui.GraphTest.testInsertAutomatonState(Unknown Source)
</failure>

      </testcase>

      <testcase classname="test.ui.GraphTest" name="testClear" time="0.001">
          <failure message="Not yet implemented" type="junit.framework.AssertionFailedError">junit.framework.AssertionFailedError: Not yet implemented
	at test.ui.GraphTest.testClear(Unknown Source)
</failure>

      </testcase>

      <testcase classname="test.ui.GraphTest" name="testGraph" time="0.001">
          <failure message="Not yet implemented" type="junit.framework.AssertionFailedError">junit.framework.AssertionFailedError: Not yet implemented
	at test.ui.GraphTest.testGraph(Unknown Source)
</failure>

      </testcase>

      <testcase classname="test.ui.GraphTest" name="testToString" time="0.001">
          <failure message="Not yet implemented" type="junit.framework.AssertionFailedError">junit.framework.AssertionFailedError: Not yet implemented
	at test.ui.GraphTest.testToString(Unknown Source)
</failure>

      </testcase>

      <testcase classname="test.ui.GraphTest" name="testRemoveStateGraphStateBoolean" time="0.001">
          <failure message="Not yet implemented" type="junit.framework.AssertionFailedError">junit.framework.AssertionFailedError: Not yet implemented
	at test.ui.GraphTest.testRemoveStateGraphStateBoolean(Unknown Source)
</failure>

      </testcase>

      <testcase classname="test.ui.GraphTest" name="testCreateNewTransition" time="0.001">
          <failure message="Not yet implemented" type="junit.framework.AssertionFailedError">junit.framework.AssertionFailedError: Not yet implemented
	at test.ui.GraphTest.testCreateNewTransition(Unknown Source)
</failure>

      </testcase>

      <testcase classname="test.ui.GraphTest" name="testAddState" time="0.001">
          <failure message="Not yet implemented" type="junit.framework.AssertionFailedError">junit.framework.AssertionFailedError: Not yet implemented
	at test.ui.GraphTest.testAddState(Unknown Source)
</failure>

      </testcase>

      <testcase classname="test.ui.GraphTest" name="testGetStateTransitions" time="0.001">
          <failure message="Not yet implemented" type="junit.framework.AssertionFailedError">junit.framework.AssertionFailedError: Not yet implemented
	at test.ui.GraphTest.testGetStateTransitions(Unknown Source)
</failure>

      </testcase>

      <testcase classname="test.ui.GraphTest" name="testInsertAutomatonTransition" time="0.001">
          <failure message="Not yet implemented" type="junit.framework.AssertionFailedError">junit.framework.AssertionFailedError: Not yet implemented
	at test.ui.GraphTest.testInsertAutomatonTransition(Unknown Source)
</failure>

      </testcase>

      <testcase classname="test.ui.GraphTest" name="testContainsStateGraphState" time="0.001">
          <failure message="Not yet implemented" type="junit.framework.AssertionFailedError">junit.framework.AssertionFailedError: Not yet implemented
	at test.ui.GraphTest.testContainsStateGraphState(Unknown Source)
</failure>

      </testcase>

      <testcase classname="test.ui.GraphTest" name="testAddTransition" time="0.001">
          <failure message="Not yet implemented" type="junit.framework.AssertionFailedError">junit.framework.AssertionFailedError: Not yet implemented
	at test.ui.GraphTest.testAddTransition(Unknown Source)
</failure>

      </testcase>

      <testcase classname="test.ui.GraphTest" name="testRemoveStateGraphState" time="0.001">
          <failure message="Not yet implemented" type="junit.framework.AssertionFailedError">junit.framework.AssertionFailedError: Not yet implemented
	at test.ui.GraphTest.testRemoveStateGraphState(Unknown Source)
</failure>

      </testcase>

      <testcase classname="test.ui.GraphTest" name="testContainsTransitionMxICell" time="0.002">
          <failure message="Not yet implemented" type="junit.framework.AssertionFailedError">junit.framework.AssertionFailedError: Not yet implemented
	at test.ui.GraphTest.testContainsTransitionMxICell(Unknown Source)
</failure>

      </testcase>

      <testcase classname="test.ui.GraphTest" name="testSetStartState" time="0.001">
          <failure message="Not yet implemented" type="junit.framework.AssertionFailedError">junit.framework.AssertionFailedError: Not yet implemented
	at test.ui.GraphTest.testSetStartState(Unknown Source)
</failure>

      </testcase>

      <testcase classname="test.ui.GraphTest" name="testRemoveEdgesBetween" time="0.001">
          <failure message="Not yet implemented" type="junit.framework.AssertionFailedError">junit.framework.AssertionFailedError: Not yet implemented
	at test.ui.GraphTest.testRemoveEdgesBetween(Unknown Source)
</failure>

      </testcase>

      <testcase classname="test.ui.GraphTest" name="testHashCode" time="0.001">
          <failure message="Not yet implemented" type="junit.framework.AssertionFailedError">junit.framework.AssertionFailedError: Not yet implemented
	at test.ui.GraphTest.testHashCode(Unknown Source)
</failure>

      </testcase>

      <testcase classname="test.ui.GraphTest" name="testCreateStylesheet" time="0.001">
          <failure message="Not yet implemented" type="junit.framework.AssertionFailedError">junit.framework.AssertionFailedError: Not yet implemented
	at test.ui.GraphTest.testCreateStylesheet(Unknown Source)
</failure>

      </testcase>

      <testcase classname="test.ui.GraphTest" name="testAddStateWithTransitions" time="0.001">
          <failure message="Not yet implemented" type="junit.framework.AssertionFailedError">junit.framework.AssertionFailedError: Not yet implemented
	at test.ui.GraphTest.testAddStateWithTransitions(Unknown Source)
</failure>

      </testcase>

      <testcase classname="test.ui.GraphTest" name="testCreateNewState" time="0.001">
          <failure message="Not yet implemented" type="junit.framework.AssertionFailedError">junit.framework.AssertionFailedError: Not yet implemented
	at test.ui.GraphTest.testCreateNewState(Unknown Source)
</failure>

      </testcase>

      <testcase classname="test.ui.GraphTest" name="testEquals" time="0.001">
          <failure message="Not yet implemented" type="junit.framework.AssertionFailedError">junit.framework.AssertionFailedError: Not yet implemented
	at test.ui.GraphTest.testEquals(Unknown Source)
</failure>

      </testcase>

      <testcase classname="test.ui.GraphTest" name="testIsFinalState" time="0.001">
          <failure message="Not yet implemented" type="junit.framework.AssertionFailedError">junit.framework.AssertionFailedError: Not yet implemented
	at test.ui.GraphTest.testIsFinalState(Unknown Source)
</failure>

      </testcase>

      <testcase classname="test.ui.GraphTest" name="testContainsStateMxICell" time="0.001">
          <failure message="Not yet implemented" type="junit.framework.AssertionFailedError">junit.framework.AssertionFailedError: Not yet implemented
	at test.ui.GraphTest.testContainsStateMxICell(Unknown Source)
</failure>

      </testcase>

      <testcase classname="test.ui.GraphTest" name="testSetFinal" time="0.001">
          <failure message="Not yet implemented" type="junit.framework.AssertionFailedError">junit.framework.AssertionFailedError: Not yet implemented
	at test.ui.GraphTest.testSetFinal(Unknown Source)
</failure>

      </testcase>

      <system-out />

      <system-err />

  </testsuite>
  <testsuite errors="0" failures="7" hostname="raptor" id="5" name="GraphTransitionTest" package="test.ui" skipped="0" tests="7" time="0.324" timestamp="2015-11-18T11:57:12">
      <properties>
          <property name="ant.project.invoked-targets" value="runtests" />

          <property name="java.runtime.name" value="OpenJDK Runtime Environment" />

          <property name="sun.boot.library.path" value="/usr/lib/jvm/java-7-openjdk-amd64/jre/lib/amd64" />

          <property name="java.vm.version" value="24.85-b03" />

          <property name="ant.library.dir" value="/usr/share/ant/lib" />

          <property name="ant.version" value="Apache Ant(TM) version 1.9.3 compiled on April 8 2014" />

          <property name="ant.java.version" value="1.7" />

          <property name="java.vm.vendor" value="Oracle Corporation" />

          <property name="java.vendor.url" value="http://java.oracle.com/" />

          <property name="ant.file.regexp_vis" value="/home/cst/sp611/group_co600/src/co600_project/regexp_vis/build.xml" />

          <property name="path.separator" value=":" />

          <property name="java.vm.name" value="OpenJDK 64-Bit Server VM" />

          <property name="file.encoding.pkg" value="sun.io" />

          <property name="user.country" value="GB" />

          <property name="sun.java.launcher" value="SUN_STANDARD" />

          <property name="sun.os.patch.level" value="unknown" />

          <property name="java.vm.specification.name" value="Java Virtual Machine Specification" />

          <property name="user.dir" value="/home/cst/sp611/group_co600/src/co600_project/regexp_vis" />

          <property name="timestamp" value="2015-11-18_115707" />

          <property name="java.runtime.version" value="1.7.0_85-b01" />

          <property name="java.awt.graphicsenv" value="sun.awt.X11GraphicsEnvironment" />

          <property name="basedir" value="/home/cst/sp611/group_co600/src/co600_project/regexp_vis" />

          <property name="java.endorsed.dirs" value="/usr/lib/jvm/java-7-openjdk-amd64/jre/lib/endorsed" />

          <property name="os.arch" value="amd64" />

          <property name="ant.project.default-target" value="jar" />

          <property name="java.io.tmpdir" value="/tmp" />

          <property name="ant.core.lib" value="/usr/share/ant/lib/ant.jar" />

          <property name="line.separator" value="&#xa;" />

          <property name="java.vm.specification.vendor" value="Oracle Corporation" />

          <property name="mainclass" value="main.Program" />

          <property name="os.name" value="Linux" />

          <property name="DSTAMP" value="20151118" />

          <property name="ant.home" value="/usr/share/ant" />

          <property name="ant.project.name" value="regexp_vis" />

          <property name="sun.jnu.encoding" value="UTF-8" />

          <property name="reportdir" value="/home/cst/sp611/group_co600/src/co600_project/regexp_vis/testreports" />

          <property name="TODAY" value="November 18 2015" />

          <property name="java.library.path" value="/usr/java/packages/lib/amd64:/usr/lib/x86_64-linux-gnu/jni:/lib/x86_64-linux-gnu:/usr/lib/x86_64-linux-gnu:/usr/lib/jni:/lib:/usr/lib" />

          <property name="java.class.version" value="51.0" />

          <property name="java.specification.name" value="Java Platform API Specification" />

          <property name="sun.management.compiler" value="HotSpot 64-Bit Tiered Compilers" />

          <property name="os.version" value="3.13.0-68-generic" />

          <property name="ant.file" value="/home/cst/sp611/group_co600/src/co600_project/regexp_vis/build.xml" />

          <property name="user.home" value="/home/cst/sp611" />

          <property name="user.timezone" value="" />

          <property name="java.awt.printerjob" value="sun.print.PSPrinterJob" />

          <property name="java.specification.version" value="1.7" />

          <property name="file.encoding" value="UTF-8" />

          <property name="TSTAMP" value="1157" />

          <property name="java.class.path" value="/home/cst/sp611/group_co600/src/co600_project/regexp_vis/lib/test/hamcrest-core-1.3.jar:/home/cst/sp611/group_co600/src/co600_project/regexp_vis/lib/test/junit-4.12.jar:/home/cst/sp611/group_co600/src/co600_project/regexp_vis/bin:/usr/share/ant/lib/junit.jar:/usr/share/java/ant-launcher-1.9.3.jar:/usr/share/ant/lib/ant.jar:/usr/share/ant/lib/ant-junit.jar:/usr/share/ant/lib/ant-junit4.jar" />

          <property name="user.name" value="sp611" />

          <property name="java.vm.specification.version" value="1.7" />

          <property name="sun.java.command" value="org.apache.tools.ant.taskdefs.optional.junit.JUnitTestRunner test.ui.GraphTransitionTest skipNonTests=false filtertrace=true haltOnError=false haltOnFailure=false formatter=org.apache.tools.ant.taskdefs.optional.junit.SummaryJUnitResultFormatter showoutput=false outputtoformatters=true logfailedtests=true logtestlistenerevents=false formatter=org.apache.tools.ant.taskdefs.optional.junit.XMLJUnitResultFormatter,/home/cst/sp611/group_co600/src/co600_project/regexp_vis/testreports/2015-11-18_115707/TEST-test.ui.GraphTransitionTest.xml crashfile=/home/cst/sp611/group_co600/src/co600_project/regexp_vis/junitvmwatcher6540692077499830253.properties propsfile=/home/cst/sp611/group_co600/src/co600_project/regexp_vis/junit5650041141516877722.properties" />

          <property name="sun.arch.data.model" value="64" />

          <property name="java.home" value="/usr/lib/jvm/java-7-openjdk-amd64/jre" />

          <property name="java.specification.vendor" value="Oracle Corporation" />

          <property name="user.language" value="en" />

          <property name="awt.toolkit" value="sun.awt.X11.XToolkit" />

          <property name="java.vm.info" value="mixed mode" />

          <property name="java.version" value="1.7.0_85" />

          <property name="java.ext.dirs" value="/usr/lib/jvm/java-7-openjdk-amd64/jre/lib/ext:/usr/java/packages/lib/ext" />

          <property name="ant.file.type.regexp_vis" value="file" />

          <property name="sun.boot.class.path" value="/usr/lib/jvm/java-7-openjdk-amd64/jre/lib/resources.jar:/usr/lib/jvm/java-7-openjdk-amd64/jre/lib/rt.jar:/usr/lib/jvm/java-7-openjdk-amd64/jre/lib/sunrsasign.jar:/usr/lib/jvm/java-7-openjdk-amd64/jre/lib/jsse.jar:/usr/lib/jvm/java-7-openjdk-amd64/jre/lib/jce.jar:/usr/lib/jvm/java-7-openjdk-amd64/jre/lib/charsets.jar:/usr/lib/jvm/java-7-openjdk-amd64/jre/lib/rhino.jar:/usr/lib/jvm/java-7-openjdk-amd64/jre/lib/jfr.jar:/usr/lib/jvm/java-7-openjdk-amd64/jre/classes" />

          <property name="java.vendor" value="Oracle Corporation" />

          <property name="outdir" value="/home/cst/sp611/group_co600/src/co600_project/regexp_vis/testreports/2015-11-18_115707" />

          <property name="file.separator" value="/" />

          <property name="java.vendor.url.bug" value="http://bugreport.sun.com/bugreport/" />

          <property name="sun.cpu.endian" value="little" />

          <property name="sun.io.unicode.encoding" value="UnicodeLittle" />

          <property name="ant.file.type" value="file" />

          <property name="sun.cpu.isalist" value="" />

      </properties>

      <testcase classname="test.ui.GraphTransitionTest" name="testGetTo" time="0.008">
          <failure message="Not yet implemented" type="junit.framework.AssertionFailedError">junit.framework.AssertionFailedError: Not yet implemented
	at test.ui.GraphTransitionTest.testGetTo(Unknown Source)
</failure>

      </testcase>

      <testcase classname="test.ui.GraphTransitionTest" name="testToString" time="0.001">
          <failure message="Not yet implemented" type="junit.framework.AssertionFailedError">junit.framework.AssertionFailedError: Not yet implemented
	at test.ui.GraphTransitionTest.testToString(Unknown Source)
</failure>

      </testcase>

      <testcase classname="test.ui.GraphTransitionTest" name="testGetFrom" time="0.001">
          <failure message="Not yet implemented" type="junit.framework.AssertionFailedError">junit.framework.AssertionFailedError: Not yet implemented
	at test.ui.GraphTransitionTest.testGetFrom(Unknown Source)
</failure>

      </testcase>

      <testcase classname="test.ui.GraphTransitionTest" name="testGetTransition" time="0.001">
          <failure message="Not yet implemented" type="junit.framework.AssertionFailedError">junit.framework.AssertionFailedError: Not yet implemented
	at test.ui.GraphTransitionTest.testGetTransition(Unknown Source)
</failure>

      </testcase>

      <testcase classname="test.ui.GraphTransitionTest" name="testGraphTransition" time="0.001">
          <failure message="Not yet implemented" type="junit.framework.AssertionFailedError">junit.framework.AssertionFailedError: Not yet implemented
	at test.ui.GraphTransitionTest.testGraphTransition(Unknown Source)
</failure>

      </testcase>

      <testcase classname="test.ui.GraphTransitionTest" name="testHashCode" time="0.002">
          <failure message="Not yet implemented" type="junit.framework.AssertionFailedError">junit.framework.AssertionFailedError: Not yet implemented
	at test.ui.GraphTransitionTest.testHashCode(Unknown Source)
</failure>

      </testcase>

      <testcase classname="test.ui.GraphTransitionTest" name="testEquals" time="0.001">
          <failure message="Not yet implemented" type="junit.framework.AssertionFailedError">junit.framework.AssertionFailedError: Not yet implemented
	at test.ui.GraphTransitionTest.testEquals(Unknown Source)
</failure>

      </testcase>

      <system-out />

      <system-err />

  </testsuite>
  <testsuite errors="1" failures="0" hostname="raptor" id="6" name="GraphicsTest" package="test.ui" skipped="0" tests="1" time="0.0" timestamp="2015-11-18T11:57:13">
      <properties>
          <property name="ant.project.invoked-targets" value="runtests" />

          <property name="java.runtime.name" value="OpenJDK Runtime Environment" />

          <property name="sun.boot.library.path" value="/usr/lib/jvm/java-7-openjdk-amd64/jre/lib/amd64" />

          <property name="java.vm.version" value="24.85-b03" />

          <property name="ant.library.dir" value="/usr/share/ant/lib" />

          <property name="ant.version" value="Apache Ant(TM) version 1.9.3 compiled on April 8 2014" />

          <property name="ant.java.version" value="1.7" />

          <property name="java.vm.vendor" value="Oracle Corporation" />

          <property name="java.vendor.url" value="http://java.oracle.com/" />

          <property name="ant.file.regexp_vis" value="/home/cst/sp611/group_co600/src/co600_project/regexp_vis/build.xml" />

          <property name="path.separator" value=":" />

          <property name="java.vm.name" value="OpenJDK 64-Bit Server VM" />

          <property name="file.encoding.pkg" value="sun.io" />

          <property name="user.country" value="GB" />

          <property name="sun.java.launcher" value="SUN_STANDARD" />

          <property name="sun.os.patch.level" value="unknown" />

          <property name="java.vm.specification.name" value="Java Virtual Machine Specification" />

          <property name="user.dir" value="/home/cst/sp611/group_co600/src/co600_project/regexp_vis" />

          <property name="timestamp" value="2015-11-18_115707" />

          <property name="java.runtime.version" value="1.7.0_85-b01" />

          <property name="java.awt.graphicsenv" value="sun.awt.X11GraphicsEnvironment" />

          <property name="basedir" value="/home/cst/sp611/group_co600/src/co600_project/regexp_vis" />

          <property name="java.endorsed.dirs" value="/usr/lib/jvm/java-7-openjdk-amd64/jre/lib/endorsed" />

          <property name="os.arch" value="amd64" />

          <property name="ant.project.default-target" value="jar" />

          <property name="java.io.tmpdir" value="/tmp" />

          <property name="ant.core.lib" value="/usr/share/ant/lib/ant.jar" />

          <property name="line.separator" value="&#xa;" />

          <property name="java.vm.specification.vendor" value="Oracle Corporation" />

          <property name="mainclass" value="main.Program" />

          <property name="os.name" value="Linux" />

          <property name="DSTAMP" value="20151118" />

          <property name="ant.home" value="/usr/share/ant" />

          <property name="ant.project.name" value="regexp_vis" />

          <property name="sun.jnu.encoding" value="UTF-8" />

          <property name="reportdir" value="/home/cst/sp611/group_co600/src/co600_project/regexp_vis/testreports" />

          <property name="TODAY" value="November 18 2015" />

          <property name="java.library.path" value="/usr/java/packages/lib/amd64:/usr/lib/x86_64-linux-gnu/jni:/lib/x86_64-linux-gnu:/usr/lib/x86_64-linux-gnu:/usr/lib/jni:/lib:/usr/lib" />

          <property name="java.class.version" value="51.0" />

          <property name="java.specification.name" value="Java Platform API Specification" />

          <property name="sun.management.compiler" value="HotSpot 64-Bit Tiered Compilers" />

          <property name="os.version" value="3.13.0-68-generic" />

          <property name="ant.file" value="/home/cst/sp611/group_co600/src/co600_project/regexp_vis/build.xml" />

          <property name="user.home" value="/home/cst/sp611" />

          <property name="user.timezone" value="" />

          <property name="java.awt.printerjob" value="sun.print.PSPrinterJob" />

          <property name="java.specification.version" value="1.7" />

          <property name="file.encoding" value="UTF-8" />

          <property name="TSTAMP" value="1157" />

          <property name="java.class.path" value="/home/cst/sp611/group_co600/src/co600_project/regexp_vis/lib/test/hamcrest-core-1.3.jar:/home/cst/sp611/group_co600/src/co600_project/regexp_vis/lib/test/junit-4.12.jar:/home/cst/sp611/group_co600/src/co600_project/regexp_vis/bin:/usr/share/ant/lib/junit.jar:/usr/share/java/ant-launcher-1.9.3.jar:/usr/share/ant/lib/ant.jar:/usr/share/ant/lib/ant-junit.jar:/usr/share/ant/lib/ant-junit4.jar" />

          <property name="user.name" value="sp611" />

          <property name="java.vm.specification.version" value="1.7" />

          <property name="sun.java.command" value="org.apache.tools.ant.taskdefs.optional.junit.JUnitTestRunner test.ui.GraphicsTest skipNonTests=false filtertrace=true haltOnError=false haltOnFailure=false formatter=org.apache.tools.ant.taskdefs.optional.junit.SummaryJUnitResultFormatter showoutput=false outputtoformatters=true logfailedtests=true logtestlistenerevents=false formatter=org.apache.tools.ant.taskdefs.optional.junit.XMLJUnitResultFormatter,/home/cst/sp611/group_co600/src/co600_project/regexp_vis/testreports/2015-11-18_115707/TEST-test.ui.GraphicsTest.xml crashfile=/home/cst/sp611/group_co600/src/co600_project/regexp_vis/junitvmwatcher1616241266969262259.properties propsfile=/home/cst/sp611/group_co600/src/co600_project/regexp_vis/junit5100554997174003138.properties" />

          <property name="sun.arch.data.model" value="64" />

          <property name="java.home" value="/usr/lib/jvm/java-7-openjdk-amd64/jre" />

          <property name="java.specification.vendor" value="Oracle Corporation" />

          <property name="user.language" value="en" />

          <property name="awt.toolkit" value="sun.awt.X11.XToolkit" />

          <property name="java.vm.info" value="mixed mode" />

          <property name="java.version" value="1.7.0_85" />

          <property name="java.ext.dirs" value="/usr/lib/jvm/java-7-openjdk-amd64/jre/lib/ext:/usr/java/packages/lib/ext" />

          <property name="ant.file.type.regexp_vis" value="file" />

          <property name="sun.boot.class.path" value="/usr/lib/jvm/java-7-openjdk-amd64/jre/lib/resources.jar:/usr/lib/jvm/java-7-openjdk-amd64/jre/lib/rt.jar:/usr/lib/jvm/java-7-openjdk-amd64/jre/lib/sunrsasign.jar:/usr/lib/jvm/java-7-openjdk-amd64/jre/lib/jsse.jar:/usr/lib/jvm/java-7-openjdk-amd64/jre/lib/jce.jar:/usr/lib/jvm/java-7-openjdk-amd64/jre/lib/charsets.jar:/usr/lib/jvm/java-7-openjdk-amd64/jre/lib/rhino.jar:/usr/lib/jvm/java-7-openjdk-amd64/jre/lib/jfr.jar:/usr/lib/jvm/java-7-openjdk-amd64/jre/classes" />

          <property name="java.vendor" value="Oracle Corporation" />

          <property name="outdir" value="/home/cst/sp611/group_co600/src/co600_project/regexp_vis/testreports/2015-11-18_115707" />

          <property name="file.separator" value="/" />

          <property name="java.vendor.url.bug" value="http://bugreport.sun.com/bugreport/" />

          <property name="sun.cpu.endian" value="little" />

          <property name="sun.io.unicode.encoding" value="UnicodeLittle" />

          <property name="ant.file.type" value="file" />

          <property name="sun.cpu.isalist" value="" />

      </properties>

      <error message="com/mxgraph/swing/mxGraphComponent" type="java.lang.NoClassDefFoundError">java.lang.NoClassDefFoundError: com/mxgraph/swing/mxGraphComponent
	at java.lang.ClassLoader.defineClass1(Native Method)
	at java.lang.ClassLoader.defineClass(ClassLoader.java:800)
	at java.security.SecureClassLoader.defineClass(SecureClassLoader.java:142)
	at java.net.URLClassLoader.defineClass(URLClassLoader.java:449)
	at java.net.URLClassLoader.access$100(URLClassLoader.java:71)
	at java.net.URLClassLoader$1.run(URLClassLoader.java:361)
	at java.net.URLClassLoader$1.run(URLClassLoader.java:355)
	at java.security.AccessController.doPrivileged(Native Method)
	at java.net.URLClassLoader.findClass(URLClassLoader.java:354)
	at java.lang.ClassLoader.loadClass(ClassLoader.java:425)
	at sun.misc.Launcher$AppClassLoader.loadClass(Launcher.java:308)
	at java.lang.ClassLoader.loadClass(ClassLoader.java:358)
	at java.lang.Class.forName0(Native Method)
	at java.lang.Class.forName(Class.java:195)
Caused by: java.lang.ClassNotFoundException: com.mxgraph.swing.mxGraphComponent
	at java.net.URLClassLoader$1.run(URLClassLoader.java:366)
	at java.net.URLClassLoader$1.run(URLClassLoader.java:355)
	at java.security.AccessController.doPrivileged(Native Method)
	at java.net.URLClassLoader.findClass(URLClassLoader.java:354)
	at java.lang.ClassLoader.loadClass(ClassLoader.java:425)
	at sun.misc.Launcher$AppClassLoader.loadClass(Launcher.java:308)
	at java.lang.ClassLoader.loadClass(ClassLoader.java:358)
</error>

      <system-out />

      <system-err />

  </testsuite>
  <testsuite errors="1" failures="0" hostname="raptor" id="7" name="UICommandHistoryTest" package="test.ui" skipped="0" tests="1" time="0.127" timestamp="2015-11-18T11:57:14">
      <properties>
          <property name="ant.project.invoked-targets" value="runtests" />

          <property name="java.runtime.name" value="OpenJDK Runtime Environment" />

          <property name="sun.boot.library.path" value="/usr/lib/jvm/java-7-openjdk-amd64/jre/lib/amd64" />

          <property name="java.vm.version" value="24.85-b03" />

          <property name="ant.library.dir" value="/usr/share/ant/lib" />

          <property name="ant.version" value="Apache Ant(TM) version 1.9.3 compiled on April 8 2014" />

          <property name="ant.java.version" value="1.7" />

          <property name="java.vm.vendor" value="Oracle Corporation" />

          <property name="java.vendor.url" value="http://java.oracle.com/" />

          <property name="ant.file.regexp_vis" value="/home/cst/sp611/group_co600/src/co600_project/regexp_vis/build.xml" />

          <property name="path.separator" value=":" />

          <property name="java.vm.name" value="OpenJDK 64-Bit Server VM" />

          <property name="file.encoding.pkg" value="sun.io" />

          <property name="user.country" value="GB" />

          <property name="sun.java.launcher" value="SUN_STANDARD" />

          <property name="sun.os.patch.level" value="unknown" />

          <property name="java.vm.specification.name" value="Java Virtual Machine Specification" />

          <property name="user.dir" value="/home/cst/sp611/group_co600/src/co600_project/regexp_vis" />

          <property name="timestamp" value="2015-11-18_115707" />

          <property name="java.runtime.version" value="1.7.0_85-b01" />

          <property name="java.awt.graphicsenv" value="sun.awt.X11GraphicsEnvironment" />

          <property name="basedir" value="/home/cst/sp611/group_co600/src/co600_project/regexp_vis" />

          <property name="java.endorsed.dirs" value="/usr/lib/jvm/java-7-openjdk-amd64/jre/lib/endorsed" />

          <property name="os.arch" value="amd64" />

          <property name="ant.project.default-target" value="jar" />

          <property name="java.io.tmpdir" value="/tmp" />

          <property name="ant.core.lib" value="/usr/share/ant/lib/ant.jar" />

          <property name="line.separator" value="&#xa;" />

          <property name="java.vm.specification.vendor" value="Oracle Corporation" />

          <property name="mainclass" value="main.Program" />

          <property name="os.name" value="Linux" />

          <property name="DSTAMP" value="20151118" />

          <property name="ant.home" value="/usr/share/ant" />

          <property name="ant.project.name" value="regexp_vis" />

          <property name="sun.jnu.encoding" value="UTF-8" />

          <property name="reportdir" value="/home/cst/sp611/group_co600/src/co600_project/regexp_vis/testreports" />

          <property name="TODAY" value="November 18 2015" />

          <property name="java.library.path" value="/usr/java/packages/lib/amd64:/usr/lib/x86_64-linux-gnu/jni:/lib/x86_64-linux-gnu:/usr/lib/x86_64-linux-gnu:/usr/lib/jni:/lib:/usr/lib" />

          <property name="java.class.version" value="51.0" />

          <property name="java.specification.name" value="Java Platform API Specification" />

          <property name="sun.management.compiler" value="HotSpot 64-Bit Tiered Compilers" />

          <property name="os.version" value="3.13.0-68-generic" />

          <property name="ant.file" value="/home/cst/sp611/group_co600/src/co600_project/regexp_vis/build.xml" />

          <property name="user.home" value="/home/cst/sp611" />

          <property name="user.timezone" value="" />

          <property name="java.awt.printerjob" value="sun.print.PSPrinterJob" />

          <property name="java.specification.version" value="1.7" />

          <property name="file.encoding" value="UTF-8" />

          <property name="TSTAMP" value="1157" />

          <property name="java.class.path" value="/home/cst/sp611/group_co600/src/co600_project/regexp_vis/lib/test/hamcrest-core-1.3.jar:/home/cst/sp611/group_co600/src/co600_project/regexp_vis/lib/test/junit-4.12.jar:/home/cst/sp611/group_co600/src/co600_project/regexp_vis/bin:/usr/share/ant/lib/junit.jar:/usr/share/java/ant-launcher-1.9.3.jar:/usr/share/ant/lib/ant.jar:/usr/share/ant/lib/ant-junit.jar:/usr/share/ant/lib/ant-junit4.jar" />

          <property name="user.name" value="sp611" />

          <property name="java.vm.specification.version" value="1.7" />

          <property name="sun.java.command" value="org.apache.tools.ant.taskdefs.optional.junit.JUnitTestRunner test.ui.UICommandHistoryTest skipNonTests=false filtertrace=true haltOnError=false haltOnFailure=false formatter=org.apache.tools.ant.taskdefs.optional.junit.SummaryJUnitResultFormatter showoutput=false outputtoformatters=true logfailedtests=true logtestlistenerevents=false formatter=org.apache.tools.ant.taskdefs.optional.junit.XMLJUnitResultFormatter,/home/cst/sp611/group_co600/src/co600_project/regexp_vis/testreports/2015-11-18_115707/TEST-test.ui.UICommandHistoryTest.xml crashfile=/home/cst/sp611/group_co600/src/co600_project/regexp_vis/junitvmwatcher7932874126076328520.properties propsfile=/home/cst/sp611/group_co600/src/co600_project/regexp_vis/junit6742466437670073654.properties" />

          <property name="sun.arch.data.model" value="64" />

          <property name="java.home" value="/usr/lib/jvm/java-7-openjdk-amd64/jre" />

          <property name="java.specification.vendor" value="Oracle Corporation" />

          <property name="user.language" value="en" />

          <property name="awt.toolkit" value="sun.awt.X11.XToolkit" />

          <property name="java.vm.info" value="mixed mode" />

          <property name="java.version" value="1.7.0_85" />

          <property name="java.ext.dirs" value="/usr/lib/jvm/java-7-openjdk-amd64/jre/lib/ext:/usr/java/packages/lib/ext" />

          <property name="ant.file.type.regexp_vis" value="file" />

          <property name="sun.boot.class.path" value="/usr/lib/jvm/java-7-openjdk-amd64/jre/lib/resources.jar:/usr/lib/jvm/java-7-openjdk-amd64/jre/lib/rt.jar:/usr/lib/jvm/java-7-openjdk-amd64/jre/lib/sunrsasign.jar:/usr/lib/jvm/java-7-openjdk-amd64/jre/lib/jsse.jar:/usr/lib/jvm/java-7-openjdk-amd64/jre/lib/jce.jar:/usr/lib/jvm/java-7-openjdk-amd64/jre/lib/charsets.jar:/usr/lib/jvm/java-7-openjdk-amd64/jre/lib/rhino.jar:/usr/lib/jvm/java-7-openjdk-amd64/jre/lib/jfr.jar:/usr/lib/jvm/java-7-openjdk-amd64/jre/classes" />

          <property name="java.vendor" value="Oracle Corporation" />

          <property name="outdir" value="/home/cst/sp611/group_co600/src/co600_project/regexp_vis/testreports/2015-11-18_115707" />

          <property name="file.separator" value="/" />

          <property name="java.vendor.url.bug" value="http://bugreport.sun.com/bugreport/" />

          <property name="sun.cpu.endian" value="little" />

          <property name="sun.io.unicode.encoding" value="UnicodeLittle" />

          <property name="ant.file.type" value="file" />

          <property name="sun.cpu.isalist" value="" />

      </properties>

      <testcase classname="test.ui.UICommandHistoryTest" name="testGraphHistoryComplex" time="0.01">
          <error message="com/mxgraph/view/mxGraph" type="java.lang.NoClassDefFoundError">java.lang.NoClassDefFoundError: com/mxgraph/view/mxGraph
	at java.lang.ClassLoader.defineClass1(Native Method)
	at java.lang.ClassLoader.defineClass(ClassLoader.java:800)
	at java.security.SecureClassLoader.defineClass(SecureClassLoader.java:142)
	at java.net.URLClassLoader.defineClass(URLClassLoader.java:449)
	at java.net.URLClassLoader.access$100(URLClassLoader.java:71)
	at java.net.URLClassLoader$1.run(URLClassLoader.java:361)
	at java.net.URLClassLoader$1.run(URLClassLoader.java:355)
	at java.security.AccessController.doPrivileged(Native Method)
	at java.net.URLClassLoader.findClass(URLClassLoader.java:354)
	at java.lang.ClassLoader.loadClass(ClassLoader.java:425)
	at sun.misc.Launcher$AppClassLoader.loadClass(Launcher.java:308)
	at java.lang.ClassLoader.loadClass(ClassLoader.java:358)
	at test.ui.UICommandHistoryTest.testGraphHistoryComplex(Unknown Source)
Caused by: java.lang.ClassNotFoundException: com.mxgraph.view.mxGraph
	at java.net.URLClassLoader$1.run(URLClassLoader.java:366)
	at java.net.URLClassLoader$1.run(URLClassLoader.java:355)
	at java.security.AccessController.doPrivileged(Native Method)
	at java.net.URLClassLoader.findClass(URLClassLoader.java:354)
	at java.lang.ClassLoader.loadClass(ClassLoader.java:425)
	at sun.misc.Launcher$AppClassLoader.loadClass(Launcher.java:308)
	at java.lang.ClassLoader.loadClass(ClassLoader.java:358)
</error>

      </testcase>

      <system-out />

      <system-err />

  </testsuite>
  <testsuite errors="1" failures="0" hostname="raptor" id="8" name="UITest" package="test.ui" skipped="0" tests="1" time="0.093" timestamp="2015-11-18T11:57:14">
      <properties>
          <property name="ant.project.invoked-targets" value="runtests" />

          <property name="java.runtime.name" value="OpenJDK Runtime Environment" />

          <property name="sun.boot.library.path" value="/usr/lib/jvm/java-7-openjdk-amd64/jre/lib/amd64" />

          <property name="java.vm.version" value="24.85-b03" />

          <property name="ant.library.dir" value="/usr/share/ant/lib" />

          <property name="ant.version" value="Apache Ant(TM) version 1.9.3 compiled on April 8 2014" />

          <property name="ant.java.version" value="1.7" />

          <property name="java.vm.vendor" value="Oracle Corporation" />

          <property name="java.vendor.url" value="http://java.oracle.com/" />

          <property name="ant.file.regexp_vis" value="/home/cst/sp611/group_co600/src/co600_project/regexp_vis/build.xml" />

          <property name="path.separator" value=":" />

          <property name="java.vm.name" value="OpenJDK 64-Bit Server VM" />

          <property name="file.encoding.pkg" value="sun.io" />

          <property name="user.country" value="GB" />

          <property name="sun.java.launcher" value="SUN_STANDARD" />

          <property name="sun.os.patch.level" value="unknown" />

          <property name="java.vm.specification.name" value="Java Virtual Machine Specification" />

          <property name="user.dir" value="/home/cst/sp611/group_co600/src/co600_project/regexp_vis" />

          <property name="timestamp" value="2015-11-18_115707" />

          <property name="java.runtime.version" value="1.7.0_85-b01" />

          <property name="java.awt.graphicsenv" value="sun.awt.X11GraphicsEnvironment" />

          <property name="basedir" value="/home/cst/sp611/group_co600/src/co600_project/regexp_vis" />

          <property name="java.endorsed.dirs" value="/usr/lib/jvm/java-7-openjdk-amd64/jre/lib/endorsed" />

          <property name="os.arch" value="amd64" />

          <property name="ant.project.default-target" value="jar" />

          <property name="java.io.tmpdir" value="/tmp" />

          <property name="ant.core.lib" value="/usr/share/ant/lib/ant.jar" />

          <property name="line.separator" value="&#xa;" />

          <property name="java.vm.specification.vendor" value="Oracle Corporation" />

          <property name="mainclass" value="main.Program" />

          <property name="os.name" value="Linux" />

          <property name="DSTAMP" value="20151118" />

          <property name="ant.home" value="/usr/share/ant" />

          <property name="ant.project.name" value="regexp_vis" />

          <property name="sun.jnu.encoding" value="UTF-8" />

          <property name="reportdir" value="/home/cst/sp611/group_co600/src/co600_project/regexp_vis/testreports" />

          <property name="TODAY" value="November 18 2015" />

          <property name="java.library.path" value="/usr/java/packages/lib/amd64:/usr/lib/x86_64-linux-gnu/jni:/lib/x86_64-linux-gnu:/usr/lib/x86_64-linux-gnu:/usr/lib/jni:/lib:/usr/lib" />

          <property name="java.class.version" value="51.0" />

          <property name="java.specification.name" value="Java Platform API Specification" />

          <property name="sun.management.compiler" value="HotSpot 64-Bit Tiered Compilers" />

          <property name="os.version" value="3.13.0-68-generic" />

          <property name="ant.file" value="/home/cst/sp611/group_co600/src/co600_project/regexp_vis/build.xml" />

          <property name="user.home" value="/home/cst/sp611" />

          <property name="user.timezone" value="" />

          <property name="java.awt.printerjob" value="sun.print.PSPrinterJob" />

          <property name="java.specification.version" value="1.7" />

          <property name="file.encoding" value="UTF-8" />

          <property name="TSTAMP" value="1157" />

          <property name="java.class.path" value="/home/cst/sp611/group_co600/src/co600_project/regexp_vis/lib/test/hamcrest-core-1.3.jar:/home/cst/sp611/group_co600/src/co600_project/regexp_vis/lib/test/junit-4.12.jar:/home/cst/sp611/group_co600/src/co600_project/regexp_vis/bin:/usr/share/ant/lib/junit.jar:/usr/share/java/ant-launcher-1.9.3.jar:/usr/share/ant/lib/ant.jar:/usr/share/ant/lib/ant-junit.jar:/usr/share/ant/lib/ant-junit4.jar" />

          <property name="user.name" value="sp611" />

          <property name="java.vm.specification.version" value="1.7" />

          <property name="sun.java.command" value="org.apache.tools.ant.taskdefs.optional.junit.JUnitTestRunner test.ui.UITest skipNonTests=false filtertrace=true haltOnError=false haltOnFailure=false formatter=org.apache.tools.ant.taskdefs.optional.junit.SummaryJUnitResultFormatter showoutput=false outputtoformatters=true logfailedtests=true logtestlistenerevents=false formatter=org.apache.tools.ant.taskdefs.optional.junit.XMLJUnitResultFormatter,/home/cst/sp611/group_co600/src/co600_project/regexp_vis/testreports/2015-11-18_115707/TEST-test.ui.UITest.xml crashfile=/home/cst/sp611/group_co600/src/co600_project/regexp_vis/junitvmwatcher8446037026651490450.properties propsfile=/home/cst/sp611/group_co600/src/co600_project/regexp_vis/junit3202318710071309372.properties" />

          <property name="sun.arch.data.model" value="64" />

          <property name="java.home" value="/usr/lib/jvm/java-7-openjdk-amd64/jre" />

          <property name="java.specification.vendor" value="Oracle Corporation" />

          <property name="user.language" value="en" />

          <property name="awt.toolkit" value="sun.awt.X11.XToolkit" />

          <property name="java.vm.info" value="mixed mode" />

          <property name="java.version" value="1.7.0_85" />

          <property name="java.ext.dirs" value="/usr/lib/jvm/java-7-openjdk-amd64/jre/lib/ext:/usr/java/packages/lib/ext" />

          <property name="ant.file.type.regexp_vis" value="file" />

          <property name="sun.boot.class.path" value="/usr/lib/jvm/java-7-openjdk-amd64/jre/lib/resources.jar:/usr/lib/jvm/java-7-openjdk-amd64/jre/lib/rt.jar:/usr/lib/jvm/java-7-openjdk-amd64/jre/lib/sunrsasign.jar:/usr/lib/jvm/java-7-openjdk-amd64/jre/lib/jsse.jar:/usr/lib/jvm/java-7-openjdk-amd64/jre/lib/jce.jar:/usr/lib/jvm/java-7-openjdk-amd64/jre/lib/charsets.jar:/usr/lib/jvm/java-7-openjdk-amd64/jre/lib/rhino.jar:/usr/lib/jvm/java-7-openjdk-amd64/jre/lib/jfr.jar:/usr/lib/jvm/java-7-openjdk-amd64/jre/classes" />

          <property name="java.vendor" value="Oracle Corporation" />

          <property name="outdir" value="/home/cst/sp611/group_co600/src/co600_project/regexp_vis/testreports/2015-11-18_115707" />

          <property name="file.separator" value="/" />

          <property name="java.vendor.url.bug" value="http://bugreport.sun.com/bugreport/" />

          <property name="sun.cpu.endian" value="little" />

          <property name="sun.io.unicode.encoding" value="UnicodeLittle" />

          <property name="ant.file.type" value="file" />

          <property name="sun.cpu.isalist" value="" />

      </properties>

      <testcase classname="test.ui.UITest" name="initializationError" time="0.006">
          <error message="No runnable methods" type="java.lang.Exception">java.lang.Exception: No runnable methods
	at java.lang.reflect.Constructor.newInstance(Constructor.java:526)
</error>

      </testcase>

      <system-out />

      <system-err />

  </testsuite>
</testsuites>
