<?xml version="1.0" encoding="UTF-8" ?>
<testsuites>
  <testsuite errors="0" failures="0" hostname="ruka" id="0" name="CommandHistoryTest" package="test.model" skipped="0" tests="1" time="0.05" timestamp="2015-11-17T13:01:00">
      <properties>
          <property name="ant.project.invoked-targets" value="runtests" />

          <property name="java.runtime.name" value="OpenJDK Runtime Environment" />

          <property name="sun.boot.library.path" value="/usr/lib/jvm/java-7-openjdk-amd64/jre/lib/amd64" />

          <property name="java.vm.version" value="24.85-b03" />

          <property name="ant.library.dir" value="/usr/share/ant/lib" />

          <property name="ant.version" value="Apache Ant(TM) version 1.9.3 compiled on April 8 2014" />

          <property name="ant.java.version" value="1.7" />

          <property name="java.vm.vendor" value="Oracle Corporation" />

          <property name="java.vendor.url" value="http://java.oracle.com/" />

          <property name="ant.file.regexp_vis" value="/media/lykat/Data/Documents/Uni/group_co600/co600_project/regexp_vis/build.xml" />

          <property name="path.separator" value=":" />

          <property name="java.vm.name" value="OpenJDK 64-Bit Server VM" />

          <property name="file.encoding.pkg" value="sun.io" />

          <property name="user.country" value="GB" />

          <property name="sun.java.launcher" value="SUN_STANDARD" />

          <property name="sun.os.patch.level" value="unknown" />

          <property name="java.vm.specification.name" value="Java Virtual Machine Specification" />

          <property name="user.dir" value="/media/lykat/Data/Documents/Uni/group_co600/co600_project/regexp_vis" />

          <property name="timestamp" value="2015-11-17_130100" />

          <property name="java.runtime.version" value="1.7.0_85-b01" />

          <property name="java.awt.graphicsenv" value="sun.awt.X11GraphicsEnvironment" />

          <property name="basedir" value="/media/lykat/Data/Documents/Uni/group_co600/co600_project/regexp_vis" />

          <property name="java.endorsed.dirs" value="/usr/lib/jvm/java-7-openjdk-amd64/jre/lib/endorsed" />

          <property name="os.arch" value="amd64" />

          <property name="ant.project.default-target" value="jar" />

          <property name="java.io.tmpdir" value="/tmp" />

          <property name="ant.core.lib" value="/usr/share/ant/lib/ant.jar" />

          <property name="line.separator" value="&#xa;" />

          <property name="java.vm.specification.vendor" value="Oracle Corporation" />

          <property name="mainclass" value="main.Program" />

          <property name="os.name" value="Linux" />

          <property name="DSTAMP" value="20151117" />

          <property name="ant.home" value="/usr/share/ant" />

          <property name="ant.project.name" value="regexp_vis" />

          <property name="sun.jnu.encoding" value="UTF-8" />

          <property name="reportdir" value="/media/lykat/Data/Documents/Uni/group_co600/co600_project/regexp_vis/testreports" />

          <property name="TODAY" value="November 17 2015" />

          <property name="java.library.path" value="/usr/java/packages/lib/amd64:/usr/lib/x86_64-linux-gnu/jni:/lib/x86_64-linux-gnu:/usr/lib/x86_64-linux-gnu:/usr/lib/jni:/lib:/usr/lib" />

          <property name="java.class.version" value="51.0" />

          <property name="java.specification.name" value="Java Platform API Specification" />

          <property name="sun.management.compiler" value="HotSpot 64-Bit Tiered Compilers" />

          <property name="os.version" value="3.13.0-66-generic" />

          <property name="ant.file" value="/media/lykat/Data/Documents/Uni/group_co600/co600_project/regexp_vis/build.xml" />

          <property name="user.home" value="/home/lykat" />

          <property name="user.timezone" value="" />

          <property name="java.awt.printerjob" value="sun.print.PSPrinterJob" />

          <property name="java.specification.version" value="1.7" />

          <property name="file.encoding" value="UTF-8" />

          <property name="TSTAMP" value="1301" />

          <property name="java.class.path" value="/media/lykat/Data/Documents/Uni/group_co600/co600_project/regexp_vis/lib/test/ant-junit.jar:/media/lykat/Data/Documents/Uni/group_co600/co600_project/regexp_vis/lib/test/hamcrest-core-1.3.jar:/media/lykat/Data/Documents/Uni/group_co600/co600_project/regexp_vis/lib/test/junit-4.12.jar:/media/lykat/Data/Documents/Uni/group_co600/co600_project/regexp_vis/bin:/usr/share/java/ant-launcher-1.9.3.jar:/usr/share/ant/lib/ant.jar:/usr/share/ant/lib/ant-junit.jar:/usr/share/ant/lib/ant-junit4.jar" />

          <property name="user.name" value="lykat" />

          <property name="java.vm.specification.version" value="1.7" />

          <property name="sun.java.command" value="org.apache.tools.ant.taskdefs.optional.junit.JUnitTestRunner test.model.CommandHistoryTest skipNonTests=false filtertrace=true haltOnError=false haltOnFailure=false formatter=org.apache.tools.ant.taskdefs.optional.junit.SummaryJUnitResultFormatter showoutput=false outputtoformatters=true logfailedtests=true logtestlistenerevents=false formatter=org.apache.tools.ant.taskdefs.optional.junit.XMLJUnitResultFormatter,/media/lykat/Data/Documents/Uni/group_co600/co600_project/regexp_vis/testreports/2015-11-17_130100/TEST-test.model.CommandHistoryTest.xml crashfile=/media/lykat/Data/Documents/Uni/group_co600/co600_project/regexp_vis/junitvmwatcher3927595474847730662.properties propsfile=/media/lykat/Data/Documents/Uni/group_co600/co600_project/regexp_vis/junit7992592351194257692.properties" />

          <property name="sun.arch.data.model" value="64" />

          <property name="java.home" value="/usr/lib/jvm/java-7-openjdk-amd64/jre" />

          <property name="java.specification.vendor" value="Oracle Corporation" />

          <property name="user.language" value="en" />

          <property name="awt.toolkit" value="sun.awt.X11.XToolkit" />

          <property name="java.vm.info" value="mixed mode" />

          <property name="java.version" value="1.7.0_85" />

          <property name="java.ext.dirs" value="/usr/lib/jvm/java-7-openjdk-amd64/jre/lib/ext:/usr/java/packages/lib/ext" />

          <property name="ant.file.type.regexp_vis" value="file" />

          <property name="sun.boot.class.path" value="/usr/lib/jvm/java-7-openjdk-amd64/jre/lib/resources.jar:/usr/lib/jvm/java-7-openjdk-amd64/jre/lib/rt.jar:/usr/lib/jvm/java-7-openjdk-amd64/jre/lib/sunrsasign.jar:/usr/lib/jvm/java-7-openjdk-amd64/jre/lib/jsse.jar:/usr/lib/jvm/java-7-openjdk-amd64/jre/lib/jce.jar:/usr/lib/jvm/java-7-openjdk-amd64/jre/lib/charsets.jar:/usr/lib/jvm/java-7-openjdk-amd64/jre/lib/rhino.jar:/usr/lib/jvm/java-7-openjdk-amd64/jre/lib/jfr.jar:/usr/lib/jvm/java-7-openjdk-amd64/jre/classes" />

          <property name="java.vendor" value="Oracle Corporation" />

          <property name="outdir" value="/media/lykat/Data/Documents/Uni/group_co600/co600_project/regexp_vis/testreports/2015-11-17_130100" />

          <property name="file.separator" value="/" />

          <property name="java.vendor.url.bug" value="http://bugreport.sun.com/bugreport/" />

          <property name="sun.cpu.endian" value="little" />

          <property name="sun.io.unicode.encoding" value="UnicodeLittle" />

          <property name="ant.file.type" value="file" />

          <property name="sun.cpu.isalist" value="" />

      </properties>

      <testcase classname="test.model.CommandHistoryTest" name="testAutomatonHistoryComplex" time="0.002" />

      <system-out />

      <system-err />

  </testsuite>
  <testsuite errors="0" failures="10" hostname="ruka" id="1" name="GraphStateTest" package="test.ui" skipped="0" tests="10" time="0.064" timestamp="2015-11-17T13:01:00">
      <properties>
          <property name="ant.project.invoked-targets" value="runtests" />

          <property name="java.runtime.name" value="OpenJDK Runtime Environment" />

          <property name="sun.boot.library.path" value="/usr/lib/jvm/java-7-openjdk-amd64/jre/lib/amd64" />

          <property name="java.vm.version" value="24.85-b03" />

          <property name="ant.library.dir" value="/usr/share/ant/lib" />

          <property name="ant.version" value="Apache Ant(TM) version 1.9.3 compiled on April 8 2014" />

          <property name="ant.java.version" value="1.7" />

          <property name="java.vm.vendor" value="Oracle Corporation" />

          <property name="java.vendor.url" value="http://java.oracle.com/" />

          <property name="ant.file.regexp_vis" value="/media/lykat/Data/Documents/Uni/group_co600/co600_project/regexp_vis/build.xml" />

          <property name="path.separator" value=":" />

          <property name="java.vm.name" value="OpenJDK 64-Bit Server VM" />

          <property name="file.encoding.pkg" value="sun.io" />

          <property name="user.country" value="GB" />

          <property name="sun.java.launcher" value="SUN_STANDARD" />

          <property name="sun.os.patch.level" value="unknown" />

          <property name="java.vm.specification.name" value="Java Virtual Machine Specification" />

          <property name="user.dir" value="/media/lykat/Data/Documents/Uni/group_co600/co600_project/regexp_vis" />

          <property name="timestamp" value="2015-11-17_130100" />

          <property name="java.runtime.version" value="1.7.0_85-b01" />

          <property name="java.awt.graphicsenv" value="sun.awt.X11GraphicsEnvironment" />

          <property name="basedir" value="/media/lykat/Data/Documents/Uni/group_co600/co600_project/regexp_vis" />

          <property name="java.endorsed.dirs" value="/usr/lib/jvm/java-7-openjdk-amd64/jre/lib/endorsed" />

          <property name="os.arch" value="amd64" />

          <property name="ant.project.default-target" value="jar" />

          <property name="java.io.tmpdir" value="/tmp" />

          <property name="ant.core.lib" value="/usr/share/ant/lib/ant.jar" />

          <property name="line.separator" value="&#xa;" />

          <property name="java.vm.specification.vendor" value="Oracle Corporation" />

          <property name="mainclass" value="main.Program" />

          <property name="os.name" value="Linux" />

          <property name="DSTAMP" value="20151117" />

          <property name="ant.home" value="/usr/share/ant" />

          <property name="ant.project.name" value="regexp_vis" />

          <property name="sun.jnu.encoding" value="UTF-8" />

          <property name="reportdir" value="/media/lykat/Data/Documents/Uni/group_co600/co600_project/regexp_vis/testreports" />

          <property name="TODAY" value="November 17 2015" />

          <property name="java.library.path" value="/usr/java/packages/lib/amd64:/usr/lib/x86_64-linux-gnu/jni:/lib/x86_64-linux-gnu:/usr/lib/x86_64-linux-gnu:/usr/lib/jni:/lib:/usr/lib" />

          <property name="java.class.version" value="51.0" />

          <property name="java.specification.name" value="Java Platform API Specification" />

          <property name="sun.management.compiler" value="HotSpot 64-Bit Tiered Compilers" />

          <property name="os.version" value="3.13.0-66-generic" />

          <property name="ant.file" value="/media/lykat/Data/Documents/Uni/group_co600/co600_project/regexp_vis/build.xml" />

          <property name="user.home" value="/home/lykat" />

          <property name="user.timezone" value="" />

          <property name="java.awt.printerjob" value="sun.print.PSPrinterJob" />

          <property name="java.specification.version" value="1.7" />

          <property name="file.encoding" value="UTF-8" />

          <property name="TSTAMP" value="1301" />

          <property name="java.class.path" value="/media/lykat/Data/Documents/Uni/group_co600/co600_project/regexp_vis/lib/test/ant-junit.jar:/media/lykat/Data/Documents/Uni/group_co600/co600_project/regexp_vis/lib/test/hamcrest-core-1.3.jar:/media/lykat/Data/Documents/Uni/group_co600/co600_project/regexp_vis/lib/test/junit-4.12.jar:/media/lykat/Data/Documents/Uni/group_co600/co600_project/regexp_vis/bin:/usr/share/java/ant-launcher-1.9.3.jar:/usr/share/ant/lib/ant.jar:/usr/share/ant/lib/ant-junit.jar:/usr/share/ant/lib/ant-junit4.jar" />

          <property name="user.name" value="lykat" />

          <property name="java.vm.specification.version" value="1.7" />

          <property name="sun.java.command" value="org.apache.tools.ant.taskdefs.optional.junit.JUnitTestRunner test.ui.GraphStateTest skipNonTests=false filtertrace=true haltOnError=false haltOnFailure=false formatter=org.apache.tools.ant.taskdefs.optional.junit.SummaryJUnitResultFormatter showoutput=false outputtoformatters=true logfailedtests=true logtestlistenerevents=false formatter=org.apache.tools.ant.taskdefs.optional.junit.XMLJUnitResultFormatter,/media/lykat/Data/Documents/Uni/group_co600/co600_project/regexp_vis/testreports/2015-11-17_130100/TEST-test.ui.GraphStateTest.xml crashfile=/media/lykat/Data/Documents/Uni/group_co600/co600_project/regexp_vis/junitvmwatcher4409055725439742074.properties propsfile=/media/lykat/Data/Documents/Uni/group_co600/co600_project/regexp_vis/junit5952277296401651813.properties" />

          <property name="sun.arch.data.model" value="64" />

          <property name="java.home" value="/usr/lib/jvm/java-7-openjdk-amd64/jre" />

          <property name="java.specification.vendor" value="Oracle Corporation" />

          <property name="user.language" value="en" />

          <property name="awt.toolkit" value="sun.awt.X11.XToolkit" />

          <property name="java.vm.info" value="mixed mode" />

          <property name="java.version" value="1.7.0_85" />

          <property name="java.ext.dirs" value="/usr/lib/jvm/java-7-openjdk-amd64/jre/lib/ext:/usr/java/packages/lib/ext" />

          <property name="ant.file.type.regexp_vis" value="file" />

          <property name="sun.boot.class.path" value="/usr/lib/jvm/java-7-openjdk-amd64/jre/lib/resources.jar:/usr/lib/jvm/java-7-openjdk-amd64/jre/lib/rt.jar:/usr/lib/jvm/java-7-openjdk-amd64/jre/lib/sunrsasign.jar:/usr/lib/jvm/java-7-openjdk-amd64/jre/lib/jsse.jar:/usr/lib/jvm/java-7-openjdk-amd64/jre/lib/jce.jar:/usr/lib/jvm/java-7-openjdk-amd64/jre/lib/charsets.jar:/usr/lib/jvm/java-7-openjdk-amd64/jre/lib/rhino.jar:/usr/lib/jvm/java-7-openjdk-amd64/jre/lib/jfr.jar:/usr/lib/jvm/java-7-openjdk-amd64/jre/classes" />

          <property name="java.vendor" value="Oracle Corporation" />

          <property name="outdir" value="/media/lykat/Data/Documents/Uni/group_co600/co600_project/regexp_vis/testreports/2015-11-17_130100" />

          <property name="file.separator" value="/" />

          <property name="java.vendor.url.bug" value="http://bugreport.sun.com/bugreport/" />

          <property name="sun.cpu.endian" value="little" />

          <property name="sun.io.unicode.encoding" value="UnicodeLittle" />

          <property name="ant.file.type" value="file" />

          <property name="sun.cpu.isalist" value="" />

      </properties>

      <testcase classname="test.ui.GraphStateTest" name="testGraphStateMxICell" time="0.006">
          <failure message="Not yet implemented" type="junit.framework.AssertionFailedError">junit.framework.AssertionFailedError: Not yet implemented
	at test.ui.GraphStateTest.testGraphStateMxICell(Unknown Source)
</failure>

      </testcase>

      <testcase classname="test.ui.GraphStateTest" name="testGetState" time="0.001">
          <failure message="Not yet implemented" type="junit.framework.AssertionFailedError">junit.framework.AssertionFailedError: Not yet implemented
	at test.ui.GraphStateTest.testGetState(Unknown Source)
</failure>

      </testcase>

      <testcase classname="test.ui.GraphStateTest" name="testToString" time="0.0">
          <failure message="Not yet implemented" type="junit.framework.AssertionFailedError">junit.framework.AssertionFailedError: Not yet implemented
	at test.ui.GraphStateTest.testToString(Unknown Source)
</failure>

      </testcase>

      <testcase classname="test.ui.GraphStateTest" name="testGraphStateMxICellBoolean" time="0.0">
          <failure message="Not yet implemented" type="junit.framework.AssertionFailedError">junit.framework.AssertionFailedError: Not yet implemented
	at test.ui.GraphStateTest.testGraphStateMxICellBoolean(Unknown Source)
</failure>

      </testcase>

      <testcase classname="test.ui.GraphStateTest" name="testHashCode" time="0.001">
          <failure message="Not yet implemented" type="junit.framework.AssertionFailedError">junit.framework.AssertionFailedError: Not yet implemented
	at test.ui.GraphStateTest.testHashCode(Unknown Source)
</failure>

      </testcase>

      <testcase classname="test.ui.GraphStateTest" name="testEquals" time="0.001">
          <failure message="Not yet implemented" type="junit.framework.AssertionFailedError">junit.framework.AssertionFailedError: Not yet implemented
	at test.ui.GraphStateTest.testEquals(Unknown Source)
</failure>

      </testcase>

      <testcase classname="test.ui.GraphStateTest" name="testIsFinal" time="0.001">
          <failure message="Not yet implemented" type="junit.framework.AssertionFailedError">junit.framework.AssertionFailedError: Not yet implemented
	at test.ui.GraphStateTest.testIsFinal(Unknown Source)
</failure>

      </testcase>

      <testcase classname="test.ui.GraphStateTest" name="testIsStart" time="0.001">
          <failure message="Not yet implemented" type="junit.framework.AssertionFailedError">junit.framework.AssertionFailedError: Not yet implemented
	at test.ui.GraphStateTest.testIsStart(Unknown Source)
</failure>

      </testcase>

      <testcase classname="test.ui.GraphStateTest" name="testSetFinal" time="0.0">
          <failure message="Not yet implemented" type="junit.framework.AssertionFailedError">junit.framework.AssertionFailedError: Not yet implemented
	at test.ui.GraphStateTest.testSetFinal(Unknown Source)
</failure>

      </testcase>

      <testcase classname="test.ui.GraphStateTest" name="testSetStart" time="0.001">
          <failure message="Not yet implemented" type="junit.framework.AssertionFailedError">junit.framework.AssertionFailedError: Not yet implemented
	at test.ui.GraphStateTest.testSetStart(Unknown Source)
</failure>

      </testcase>

      <system-out />

      <system-err />

  </testsuite>
  <testsuite errors="0" failures="26" hostname="ruka" id="2" name="GraphTest" package="test.ui" skipped="0" tests="26" time="0.079" timestamp="2015-11-17T13:01:01">
      <properties>
          <property name="ant.project.invoked-targets" value="runtests" />

          <property name="java.runtime.name" value="OpenJDK Runtime Environment" />

          <property name="sun.boot.library.path" value="/usr/lib/jvm/java-7-openjdk-amd64/jre/lib/amd64" />

          <property name="java.vm.version" value="24.85-b03" />

          <property name="ant.library.dir" value="/usr/share/ant/lib" />

          <property name="ant.version" value="Apache Ant(TM) version 1.9.3 compiled on April 8 2014" />

          <property name="ant.java.version" value="1.7" />

          <property name="java.vm.vendor" value="Oracle Corporation" />

          <property name="java.vendor.url" value="http://java.oracle.com/" />

          <property name="ant.file.regexp_vis" value="/media/lykat/Data/Documents/Uni/group_co600/co600_project/regexp_vis/build.xml" />

          <property name="path.separator" value=":" />

          <property name="java.vm.name" value="OpenJDK 64-Bit Server VM" />

          <property name="file.encoding.pkg" value="sun.io" />

          <property name="user.country" value="GB" />

          <property name="sun.java.launcher" value="SUN_STANDARD" />

          <property name="sun.os.patch.level" value="unknown" />

          <property name="java.vm.specification.name" value="Java Virtual Machine Specification" />

          <property name="user.dir" value="/media/lykat/Data/Documents/Uni/group_co600/co600_project/regexp_vis" />

          <property name="timestamp" value="2015-11-17_130100" />

          <property name="java.runtime.version" value="1.7.0_85-b01" />

          <property name="java.awt.graphicsenv" value="sun.awt.X11GraphicsEnvironment" />

          <property name="basedir" value="/media/lykat/Data/Documents/Uni/group_co600/co600_project/regexp_vis" />

          <property name="java.endorsed.dirs" value="/usr/lib/jvm/java-7-openjdk-amd64/jre/lib/endorsed" />

          <property name="os.arch" value="amd64" />

          <property name="ant.project.default-target" value="jar" />

          <property name="java.io.tmpdir" value="/tmp" />

          <property name="ant.core.lib" value="/usr/share/ant/lib/ant.jar" />

          <property name="line.separator" value="&#xa;" />

          <property name="java.vm.specification.vendor" value="Oracle Corporation" />

          <property name="mainclass" value="main.Program" />

          <property name="os.name" value="Linux" />

          <property name="DSTAMP" value="20151117" />

          <property name="ant.home" value="/usr/share/ant" />

          <property name="ant.project.name" value="regexp_vis" />

          <property name="sun.jnu.encoding" value="UTF-8" />

          <property name="reportdir" value="/media/lykat/Data/Documents/Uni/group_co600/co600_project/regexp_vis/testreports" />

          <property name="TODAY" value="November 17 2015" />

          <property name="java.library.path" value="/usr/java/packages/lib/amd64:/usr/lib/x86_64-linux-gnu/jni:/lib/x86_64-linux-gnu:/usr/lib/x86_64-linux-gnu:/usr/lib/jni:/lib:/usr/lib" />

          <property name="java.class.version" value="51.0" />

          <property name="java.specification.name" value="Java Platform API Specification" />

          <property name="sun.management.compiler" value="HotSpot 64-Bit Tiered Compilers" />

          <property name="os.version" value="3.13.0-66-generic" />

          <property name="ant.file" value="/media/lykat/Data/Documents/Uni/group_co600/co600_project/regexp_vis/build.xml" />

          <property name="user.home" value="/home/lykat" />

          <property name="user.timezone" value="" />

          <property name="java.awt.printerjob" value="sun.print.PSPrinterJob" />

          <property name="java.specification.version" value="1.7" />

          <property name="file.encoding" value="UTF-8" />

          <property name="TSTAMP" value="1301" />

          <property name="java.class.path" value="/media/lykat/Data/Documents/Uni/group_co600/co600_project/regexp_vis/lib/test/ant-junit.jar:/media/lykat/Data/Documents/Uni/group_co600/co600_project/regexp_vis/lib/test/hamcrest-core-1.3.jar:/media/lykat/Data/Documents/Uni/group_co600/co600_project/regexp_vis/lib/test/junit-4.12.jar:/media/lykat/Data/Documents/Uni/group_co600/co600_project/regexp_vis/bin:/usr/share/java/ant-launcher-1.9.3.jar:/usr/share/ant/lib/ant.jar:/usr/share/ant/lib/ant-junit.jar:/usr/share/ant/lib/ant-junit4.jar" />

          <property name="user.name" value="lykat" />

          <property name="java.vm.specification.version" value="1.7" />

          <property name="sun.java.command" value="org.apache.tools.ant.taskdefs.optional.junit.JUnitTestRunner test.ui.GraphTest skipNonTests=false filtertrace=true haltOnError=false haltOnFailure=false formatter=org.apache.tools.ant.taskdefs.optional.junit.SummaryJUnitResultFormatter showoutput=false outputtoformatters=true logfailedtests=true logtestlistenerevents=false formatter=org.apache.tools.ant.taskdefs.optional.junit.XMLJUnitResultFormatter,/media/lykat/Data/Documents/Uni/group_co600/co600_project/regexp_vis/testreports/2015-11-17_130100/TEST-test.ui.GraphTest.xml crashfile=/media/lykat/Data/Documents/Uni/group_co600/co600_project/regexp_vis/junitvmwatcher232758896276134872.properties propsfile=/media/lykat/Data/Documents/Uni/group_co600/co600_project/regexp_vis/junit7790679488103538778.properties" />

          <property name="sun.arch.data.model" value="64" />

          <property name="java.home" value="/usr/lib/jvm/java-7-openjdk-amd64/jre" />

          <property name="java.specification.vendor" value="Oracle Corporation" />

          <property name="user.language" value="en" />

          <property name="awt.toolkit" value="sun.awt.X11.XToolkit" />

          <property name="java.vm.info" value="mixed mode" />

          <property name="java.version" value="1.7.0_85" />

          <property name="java.ext.dirs" value="/usr/lib/jvm/java-7-openjdk-amd64/jre/lib/ext:/usr/java/packages/lib/ext" />

          <property name="ant.file.type.regexp_vis" value="file" />

          <property name="sun.boot.class.path" value="/usr/lib/jvm/java-7-openjdk-amd64/jre/lib/resources.jar:/usr/lib/jvm/java-7-openjdk-amd64/jre/lib/rt.jar:/usr/lib/jvm/java-7-openjdk-amd64/jre/lib/sunrsasign.jar:/usr/lib/jvm/java-7-openjdk-amd64/jre/lib/jsse.jar:/usr/lib/jvm/java-7-openjdk-amd64/jre/lib/jce.jar:/usr/lib/jvm/java-7-openjdk-amd64/jre/lib/charsets.jar:/usr/lib/jvm/java-7-openjdk-amd64/jre/lib/rhino.jar:/usr/lib/jvm/java-7-openjdk-amd64/jre/lib/jfr.jar:/usr/lib/jvm/java-7-openjdk-amd64/jre/classes" />

          <property name="java.vendor" value="Oracle Corporation" />

          <property name="outdir" value="/media/lykat/Data/Documents/Uni/group_co600/co600_project/regexp_vis/testreports/2015-11-17_130100" />

          <property name="file.separator" value="/" />

          <property name="java.vendor.url.bug" value="http://bugreport.sun.com/bugreport/" />

          <property name="sun.cpu.endian" value="little" />

          <property name="sun.io.unicode.encoding" value="UnicodeLittle" />

          <property name="ant.file.type" value="file" />

          <property name="sun.cpu.isalist" value="" />

      </properties>

      <testcase classname="test.ui.GraphTest" name="testContainsTransitionGraphTransition" time="0.006">
          <failure message="Not yet implemented" type="junit.framework.AssertionFailedError">junit.framework.AssertionFailedError: Not yet implemented
	at test.ui.GraphTest.testContainsTransitionGraphTransition(Unknown Source)
</failure>

      </testcase>

      <testcase classname="test.ui.GraphTest" name="testRemoveTransition" time="0.001">
          <failure message="Not yet implemented" type="junit.framework.AssertionFailedError">junit.framework.AssertionFailedError: Not yet implemented
	at test.ui.GraphTest.testRemoveTransition(Unknown Source)
</failure>

      </testcase>

      <testcase classname="test.ui.GraphTest" name="testAddAutomaton" time="0.001">
          <failure message="Not yet implemented" type="junit.framework.AssertionFailedError">junit.framework.AssertionFailedError: Not yet implemented
	at test.ui.GraphTest.testAddAutomaton(Unknown Source)
</failure>

      </testcase>

      <testcase classname="test.ui.GraphTest" name="testInsertAutomatonState" time="0.001">
          <failure message="Not yet implemented" type="junit.framework.AssertionFailedError">junit.framework.AssertionFailedError: Not yet implemented
	at test.ui.GraphTest.testInsertAutomatonState(Unknown Source)
</failure>

      </testcase>

      <testcase classname="test.ui.GraphTest" name="testClear" time="0.001">
          <failure message="Not yet implemented" type="junit.framework.AssertionFailedError">junit.framework.AssertionFailedError: Not yet implemented
	at test.ui.GraphTest.testClear(Unknown Source)
</failure>

      </testcase>

      <testcase classname="test.ui.GraphTest" name="testGraph" time="0.001">
          <failure message="Not yet implemented" type="junit.framework.AssertionFailedError">junit.framework.AssertionFailedError: Not yet implemented
	at test.ui.GraphTest.testGraph(Unknown Source)
</failure>

      </testcase>

      <testcase classname="test.ui.GraphTest" name="testToString" time="0.001">
          <failure message="Not yet implemented" type="junit.framework.AssertionFailedError">junit.framework.AssertionFailedError: Not yet implemented
	at test.ui.GraphTest.testToString(Unknown Source)
</failure>

      </testcase>

      <testcase classname="test.ui.GraphTest" name="testRemoveStateGraphStateBoolean" time="0.001">
          <failure message="Not yet implemented" type="junit.framework.AssertionFailedError">junit.framework.AssertionFailedError: Not yet implemented
	at test.ui.GraphTest.testRemoveStateGraphStateBoolean(Unknown Source)
</failure>

      </testcase>

      <testcase classname="test.ui.GraphTest" name="testCreateNewTransition" time="0.001">
          <failure message="Not yet implemented" type="junit.framework.AssertionFailedError">junit.framework.AssertionFailedError: Not yet implemented
	at test.ui.GraphTest.testCreateNewTransition(Unknown Source)
</failure>

      </testcase>

      <testcase classname="test.ui.GraphTest" name="testAddState" time="0.001">
          <failure message="Not yet implemented" type="junit.framework.AssertionFailedError">junit.framework.AssertionFailedError: Not yet implemented
	at test.ui.GraphTest.testAddState(Unknown Source)
</failure>

      </testcase>

      <testcase classname="test.ui.GraphTest" name="testGetStateTransitions" time="0.001">
          <failure message="Not yet implemented" type="junit.framework.AssertionFailedError">junit.framework.AssertionFailedError: Not yet implemented
	at test.ui.GraphTest.testGetStateTransitions(Unknown Source)
</failure>

      </testcase>

      <testcase classname="test.ui.GraphTest" name="testInsertAutomatonTransition" time="0.0">
          <failure message="Not yet implemented" type="junit.framework.AssertionFailedError">junit.framework.AssertionFailedError: Not yet implemented
	at test.ui.GraphTest.testInsertAutomatonTransition(Unknown Source)
</failure>

      </testcase>

      <testcase classname="test.ui.GraphTest" name="testContainsStateGraphState" time="0.0">
          <failure message="Not yet implemented" type="junit.framework.AssertionFailedError">junit.framework.AssertionFailedError: Not yet implemented
	at test.ui.GraphTest.testContainsStateGraphState(Unknown Source)
</failure>

      </testcase>

      <testcase classname="test.ui.GraphTest" name="testAddTransition" time="0.0">
          <failure message="Not yet implemented" type="junit.framework.AssertionFailedError">junit.framework.AssertionFailedError: Not yet implemented
	at test.ui.GraphTest.testAddTransition(Unknown Source)
</failure>

      </testcase>

      <testcase classname="test.ui.GraphTest" name="testRemoveStateGraphState" time="0.001">
          <failure message="Not yet implemented" type="junit.framework.AssertionFailedError">junit.framework.AssertionFailedError: Not yet implemented
	at test.ui.GraphTest.testRemoveStateGraphState(Unknown Source)
</failure>

      </testcase>

      <testcase classname="test.ui.GraphTest" name="testContainsTransitionMxICell" time="0.002">
          <failure message="Not yet implemented" type="junit.framework.AssertionFailedError">junit.framework.AssertionFailedError: Not yet implemented
	at test.ui.GraphTest.testContainsTransitionMxICell(Unknown Source)
</failure>

      </testcase>

      <testcase classname="test.ui.GraphTest" name="testSetStartState" time="0.0">
          <failure message="Not yet implemented" type="junit.framework.AssertionFailedError">junit.framework.AssertionFailedError: Not yet implemented
	at test.ui.GraphTest.testSetStartState(Unknown Source)
</failure>

      </testcase>

      <testcase classname="test.ui.GraphTest" name="testRemoveEdgesBetween" time="0.0">
          <failure message="Not yet implemented" type="junit.framework.AssertionFailedError">junit.framework.AssertionFailedError: Not yet implemented
	at test.ui.GraphTest.testRemoveEdgesBetween(Unknown Source)
</failure>

      </testcase>

      <testcase classname="test.ui.GraphTest" name="testHashCode" time="0.001">
          <failure message="Not yet implemented" type="junit.framework.AssertionFailedError">junit.framework.AssertionFailedError: Not yet implemented
	at test.ui.GraphTest.testHashCode(Unknown Source)
</failure>

      </testcase>

      <testcase classname="test.ui.GraphTest" name="testCreateStylesheet" time="0.001">
          <failure message="Not yet implemented" type="junit.framework.AssertionFailedError">junit.framework.AssertionFailedError: Not yet implemented
	at test.ui.GraphTest.testCreateStylesheet(Unknown Source)
</failure>

      </testcase>

      <testcase classname="test.ui.GraphTest" name="testAddStateWithTransitions" time="0.001">
          <failure message="Not yet implemented" type="junit.framework.AssertionFailedError">junit.framework.AssertionFailedError: Not yet implemented
	at test.ui.GraphTest.testAddStateWithTransitions(Unknown Source)
</failure>

      </testcase>

      <testcase classname="test.ui.GraphTest" name="testCreateNewState" time="0.0">
          <failure message="Not yet implemented" type="junit.framework.AssertionFailedError">junit.framework.AssertionFailedError: Not yet implemented
	at test.ui.GraphTest.testCreateNewState(Unknown Source)
</failure>

      </testcase>

      <testcase classname="test.ui.GraphTest" name="testEquals" time="0.0">
          <failure message="Not yet implemented" type="junit.framework.AssertionFailedError">junit.framework.AssertionFailedError: Not yet implemented
	at test.ui.GraphTest.testEquals(Unknown Source)
</failure>

      </testcase>

      <testcase classname="test.ui.GraphTest" name="testIsFinalState" time="0.001">
          <failure message="Not yet implemented" type="junit.framework.AssertionFailedError">junit.framework.AssertionFailedError: Not yet implemented
	at test.ui.GraphTest.testIsFinalState(Unknown Source)
</failure>

      </testcase>

      <testcase classname="test.ui.GraphTest" name="testContainsStateMxICell" time="0.001">
          <failure message="Not yet implemented" type="junit.framework.AssertionFailedError">junit.framework.AssertionFailedError: Not yet implemented
	at test.ui.GraphTest.testContainsStateMxICell(Unknown Source)
</failure>

      </testcase>

      <testcase classname="test.ui.GraphTest" name="testSetFinal" time="0.0">
          <failure message="Not yet implemented" type="junit.framework.AssertionFailedError">junit.framework.AssertionFailedError: Not yet implemented
	at test.ui.GraphTest.testSetFinal(Unknown Source)
</failure>

      </testcase>

      <system-out />

      <system-err />

  </testsuite>
  <testsuite errors="0" failures="7" hostname="ruka" id="3" name="GraphTransitionTest" package="test.ui" skipped="0" tests="7" time="0.06" timestamp="2015-11-17T13:01:01">
      <properties>
          <property name="ant.project.invoked-targets" value="runtests" />

          <property name="java.runtime.name" value="OpenJDK Runtime Environment" />

          <property name="sun.boot.library.path" value="/usr/lib/jvm/java-7-openjdk-amd64/jre/lib/amd64" />

          <property name="java.vm.version" value="24.85-b03" />

          <property name="ant.library.dir" value="/usr/share/ant/lib" />

          <property name="ant.version" value="Apache Ant(TM) version 1.9.3 compiled on April 8 2014" />

          <property name="ant.java.version" value="1.7" />

          <property name="java.vm.vendor" value="Oracle Corporation" />

          <property name="java.vendor.url" value="http://java.oracle.com/" />

          <property name="ant.file.regexp_vis" value="/media/lykat/Data/Documents/Uni/group_co600/co600_project/regexp_vis/build.xml" />

          <property name="path.separator" value=":" />

          <property name="java.vm.name" value="OpenJDK 64-Bit Server VM" />

          <property name="file.encoding.pkg" value="sun.io" />

          <property name="user.country" value="GB" />

          <property name="sun.java.launcher" value="SUN_STANDARD" />

          <property name="sun.os.patch.level" value="unknown" />

          <property name="java.vm.specification.name" value="Java Virtual Machine Specification" />

          <property name="user.dir" value="/media/lykat/Data/Documents/Uni/group_co600/co600_project/regexp_vis" />

          <property name="timestamp" value="2015-11-17_130100" />

          <property name="java.runtime.version" value="1.7.0_85-b01" />

          <property name="java.awt.graphicsenv" value="sun.awt.X11GraphicsEnvironment" />

          <property name="basedir" value="/media/lykat/Data/Documents/Uni/group_co600/co600_project/regexp_vis" />

          <property name="java.endorsed.dirs" value="/usr/lib/jvm/java-7-openjdk-amd64/jre/lib/endorsed" />

          <property name="os.arch" value="amd64" />

          <property name="ant.project.default-target" value="jar" />

          <property name="java.io.tmpdir" value="/tmp" />

          <property name="ant.core.lib" value="/usr/share/ant/lib/ant.jar" />

          <property name="line.separator" value="&#xa;" />

          <property name="java.vm.specification.vendor" value="Oracle Corporation" />

          <property name="mainclass" value="main.Program" />

          <property name="os.name" value="Linux" />

          <property name="DSTAMP" value="20151117" />

          <property name="ant.home" value="/usr/share/ant" />

          <property name="ant.project.name" value="regexp_vis" />

          <property name="sun.jnu.encoding" value="UTF-8" />

          <property name="reportdir" value="/media/lykat/Data/Documents/Uni/group_co600/co600_project/regexp_vis/testreports" />

          <property name="TODAY" value="November 17 2015" />

          <property name="java.library.path" value="/usr/java/packages/lib/amd64:/usr/lib/x86_64-linux-gnu/jni:/lib/x86_64-linux-gnu:/usr/lib/x86_64-linux-gnu:/usr/lib/jni:/lib:/usr/lib" />

          <property name="java.class.version" value="51.0" />

          <property name="java.specification.name" value="Java Platform API Specification" />

          <property name="sun.management.compiler" value="HotSpot 64-Bit Tiered Compilers" />

          <property name="os.version" value="3.13.0-66-generic" />

          <property name="ant.file" value="/media/lykat/Data/Documents/Uni/group_co600/co600_project/regexp_vis/build.xml" />

          <property name="user.home" value="/home/lykat" />

          <property name="user.timezone" value="" />

          <property name="java.awt.printerjob" value="sun.print.PSPrinterJob" />

          <property name="java.specification.version" value="1.7" />

          <property name="file.encoding" value="UTF-8" />

          <property name="TSTAMP" value="1301" />

          <property name="java.class.path" value="/media/lykat/Data/Documents/Uni/group_co600/co600_project/regexp_vis/lib/test/ant-junit.jar:/media/lykat/Data/Documents/Uni/group_co600/co600_project/regexp_vis/lib/test/hamcrest-core-1.3.jar:/media/lykat/Data/Documents/Uni/group_co600/co600_project/regexp_vis/lib/test/junit-4.12.jar:/media/lykat/Data/Documents/Uni/group_co600/co600_project/regexp_vis/bin:/usr/share/java/ant-launcher-1.9.3.jar:/usr/share/ant/lib/ant.jar:/usr/share/ant/lib/ant-junit.jar:/usr/share/ant/lib/ant-junit4.jar" />

          <property name="user.name" value="lykat" />

          <property name="java.vm.specification.version" value="1.7" />

          <property name="sun.java.command" value="org.apache.tools.ant.taskdefs.optional.junit.JUnitTestRunner test.ui.GraphTransitionTest skipNonTests=false filtertrace=true haltOnError=false haltOnFailure=false formatter=org.apache.tools.ant.taskdefs.optional.junit.SummaryJUnitResultFormatter showoutput=false outputtoformatters=true logfailedtests=true logtestlistenerevents=false formatter=org.apache.tools.ant.taskdefs.optional.junit.XMLJUnitResultFormatter,/media/lykat/Data/Documents/Uni/group_co600/co600_project/regexp_vis/testreports/2015-11-17_130100/TEST-test.ui.GraphTransitionTest.xml crashfile=/media/lykat/Data/Documents/Uni/group_co600/co600_project/regexp_vis/junitvmwatcher6489858834148618285.properties propsfile=/media/lykat/Data/Documents/Uni/group_co600/co600_project/regexp_vis/junit6976459989444108704.properties" />

          <property name="sun.arch.data.model" value="64" />

          <property name="java.home" value="/usr/lib/jvm/java-7-openjdk-amd64/jre" />

          <property name="java.specification.vendor" value="Oracle Corporation" />

          <property name="user.language" value="en" />

          <property name="awt.toolkit" value="sun.awt.X11.XToolkit" />

          <property name="java.vm.info" value="mixed mode" />

          <property name="java.version" value="1.7.0_85" />

          <property name="java.ext.dirs" value="/usr/lib/jvm/java-7-openjdk-amd64/jre/lib/ext:/usr/java/packages/lib/ext" />

          <property name="ant.file.type.regexp_vis" value="file" />

          <property name="sun.boot.class.path" value="/usr/lib/jvm/java-7-openjdk-amd64/jre/lib/resources.jar:/usr/lib/jvm/java-7-openjdk-amd64/jre/lib/rt.jar:/usr/lib/jvm/java-7-openjdk-amd64/jre/lib/sunrsasign.jar:/usr/lib/jvm/java-7-openjdk-amd64/jre/lib/jsse.jar:/usr/lib/jvm/java-7-openjdk-amd64/jre/lib/jce.jar:/usr/lib/jvm/java-7-openjdk-amd64/jre/lib/charsets.jar:/usr/lib/jvm/java-7-openjdk-amd64/jre/lib/rhino.jar:/usr/lib/jvm/java-7-openjdk-amd64/jre/lib/jfr.jar:/usr/lib/jvm/java-7-openjdk-amd64/jre/classes" />

          <property name="java.vendor" value="Oracle Corporation" />

          <property name="outdir" value="/media/lykat/Data/Documents/Uni/group_co600/co600_project/regexp_vis/testreports/2015-11-17_130100" />

          <property name="file.separator" value="/" />

          <property name="java.vendor.url.bug" value="http://bugreport.sun.com/bugreport/" />

          <property name="sun.cpu.endian" value="little" />

          <property name="sun.io.unicode.encoding" value="UnicodeLittle" />

          <property name="ant.file.type" value="file" />

          <property name="sun.cpu.isalist" value="" />

      </properties>

      <testcase classname="test.ui.GraphTransitionTest" name="testGetTo" time="0.006">
          <failure message="Not yet implemented" type="junit.framework.AssertionFailedError">junit.framework.AssertionFailedError: Not yet implemented
	at test.ui.GraphTransitionTest.testGetTo(Unknown Source)
</failure>

      </testcase>

      <testcase classname="test.ui.GraphTransitionTest" name="testToString" time="0.001">
          <failure message="Not yet implemented" type="junit.framework.AssertionFailedError">junit.framework.AssertionFailedError: Not yet implemented
	at test.ui.GraphTransitionTest.testToString(Unknown Source)
</failure>

      </testcase>

      <testcase classname="test.ui.GraphTransitionTest" name="testGetFrom" time="0.001">
          <failure message="Not yet implemented" type="junit.framework.AssertionFailedError">junit.framework.AssertionFailedError: Not yet implemented
	at test.ui.GraphTransitionTest.testGetFrom(Unknown Source)
</failure>

      </testcase>

      <testcase classname="test.ui.GraphTransitionTest" name="testGetTransition" time="0.001">
          <failure message="Not yet implemented" type="junit.framework.AssertionFailedError">junit.framework.AssertionFailedError: Not yet implemented
	at test.ui.GraphTransitionTest.testGetTransition(Unknown Source)
</failure>

      </testcase>

      <testcase classname="test.ui.GraphTransitionTest" name="testGraphTransition" time="0.001">
          <failure message="Not yet implemented" type="junit.framework.AssertionFailedError">junit.framework.AssertionFailedError: Not yet implemented
	at test.ui.GraphTransitionTest.testGraphTransition(Unknown Source)
</failure>

      </testcase>

      <testcase classname="test.ui.GraphTransitionTest" name="testHashCode" time="0.001">
          <failure message="Not yet implemented" type="junit.framework.AssertionFailedError">junit.framework.AssertionFailedError: Not yet implemented
	at test.ui.GraphTransitionTest.testHashCode(Unknown Source)
</failure>

      </testcase>

      <testcase classname="test.ui.GraphTransitionTest" name="testEquals" time="0.001">
          <failure message="Not yet implemented" type="junit.framework.AssertionFailedError">junit.framework.AssertionFailedError: Not yet implemented
	at test.ui.GraphTransitionTest.testEquals(Unknown Source)
</failure>

      </testcase>

      <system-out />

      <system-err />

  </testsuite>
  <testsuite errors="1" failures="0" hostname="ruka" id="4" name="GraphicsTest" package="test.ui" skipped="0" tests="1" time="0.0" timestamp="2015-11-17T13:01:01">
      <properties>
          <property name="ant.project.invoked-targets" value="runtests" />

          <property name="java.runtime.name" value="OpenJDK Runtime Environment" />

          <property name="sun.boot.library.path" value="/usr/lib/jvm/java-7-openjdk-amd64/jre/lib/amd64" />

          <property name="java.vm.version" value="24.85-b03" />

          <property name="ant.library.dir" value="/usr/share/ant/lib" />

          <property name="ant.version" value="Apache Ant(TM) version 1.9.3 compiled on April 8 2014" />

          <property name="ant.java.version" value="1.7" />

          <property name="java.vm.vendor" value="Oracle Corporation" />

          <property name="java.vendor.url" value="http://java.oracle.com/" />

          <property name="ant.file.regexp_vis" value="/media/lykat/Data/Documents/Uni/group_co600/co600_project/regexp_vis/build.xml" />

          <property name="path.separator" value=":" />

          <property name="java.vm.name" value="OpenJDK 64-Bit Server VM" />

          <property name="file.encoding.pkg" value="sun.io" />

          <property name="user.country" value="GB" />

          <property name="sun.java.launcher" value="SUN_STANDARD" />

          <property name="sun.os.patch.level" value="unknown" />

          <property name="java.vm.specification.name" value="Java Virtual Machine Specification" />

          <property name="user.dir" value="/media/lykat/Data/Documents/Uni/group_co600/co600_project/regexp_vis" />

          <property name="timestamp" value="2015-11-17_130100" />

          <property name="java.runtime.version" value="1.7.0_85-b01" />

          <property name="java.awt.graphicsenv" value="sun.awt.X11GraphicsEnvironment" />

          <property name="basedir" value="/media/lykat/Data/Documents/Uni/group_co600/co600_project/regexp_vis" />

          <property name="java.endorsed.dirs" value="/usr/lib/jvm/java-7-openjdk-amd64/jre/lib/endorsed" />

          <property name="os.arch" value="amd64" />

          <property name="ant.project.default-target" value="jar" />

          <property name="java.io.tmpdir" value="/tmp" />

          <property name="ant.core.lib" value="/usr/share/ant/lib/ant.jar" />

          <property name="line.separator" value="&#xa;" />

          <property name="java.vm.specification.vendor" value="Oracle Corporation" />

          <property name="mainclass" value="main.Program" />

          <property name="os.name" value="Linux" />

          <property name="DSTAMP" value="20151117" />

          <property name="ant.home" value="/usr/share/ant" />

          <property name="ant.project.name" value="regexp_vis" />

          <property name="sun.jnu.encoding" value="UTF-8" />

          <property name="reportdir" value="/media/lykat/Data/Documents/Uni/group_co600/co600_project/regexp_vis/testreports" />

          <property name="TODAY" value="November 17 2015" />

          <property name="java.library.path" value="/usr/java/packages/lib/amd64:/usr/lib/x86_64-linux-gnu/jni:/lib/x86_64-linux-gnu:/usr/lib/x86_64-linux-gnu:/usr/lib/jni:/lib:/usr/lib" />

          <property name="java.class.version" value="51.0" />

          <property name="java.specification.name" value="Java Platform API Specification" />

          <property name="sun.management.compiler" value="HotSpot 64-Bit Tiered Compilers" />

          <property name="os.version" value="3.13.0-66-generic" />

          <property name="ant.file" value="/media/lykat/Data/Documents/Uni/group_co600/co600_project/regexp_vis/build.xml" />

          <property name="user.home" value="/home/lykat" />

          <property name="user.timezone" value="" />

          <property name="java.awt.printerjob" value="sun.print.PSPrinterJob" />

          <property name="java.specification.version" value="1.7" />

          <property name="file.encoding" value="UTF-8" />

          <property name="TSTAMP" value="1301" />

          <property name="java.class.path" value="/media/lykat/Data/Documents/Uni/group_co600/co600_project/regexp_vis/lib/test/ant-junit.jar:/media/lykat/Data/Documents/Uni/group_co600/co600_project/regexp_vis/lib/test/hamcrest-core-1.3.jar:/media/lykat/Data/Documents/Uni/group_co600/co600_project/regexp_vis/lib/test/junit-4.12.jar:/media/lykat/Data/Documents/Uni/group_co600/co600_project/regexp_vis/bin:/usr/share/java/ant-launcher-1.9.3.jar:/usr/share/ant/lib/ant.jar:/usr/share/ant/lib/ant-junit.jar:/usr/share/ant/lib/ant-junit4.jar" />

          <property name="user.name" value="lykat" />

          <property name="java.vm.specification.version" value="1.7" />

          <property name="sun.java.command" value="org.apache.tools.ant.taskdefs.optional.junit.JUnitTestRunner test.ui.GraphicsTest skipNonTests=false filtertrace=true haltOnError=false haltOnFailure=false formatter=org.apache.tools.ant.taskdefs.optional.junit.SummaryJUnitResultFormatter showoutput=false outputtoformatters=true logfailedtests=true logtestlistenerevents=false formatter=org.apache.tools.ant.taskdefs.optional.junit.XMLJUnitResultFormatter,/media/lykat/Data/Documents/Uni/group_co600/co600_project/regexp_vis/testreports/2015-11-17_130100/TEST-test.ui.GraphicsTest.xml crashfile=/media/lykat/Data/Documents/Uni/group_co600/co600_project/regexp_vis/junitvmwatcher8400817180340747831.properties propsfile=/media/lykat/Data/Documents/Uni/group_co600/co600_project/regexp_vis/junit2871500255204831848.properties" />

          <property name="sun.arch.data.model" value="64" />

          <property name="java.home" value="/usr/lib/jvm/java-7-openjdk-amd64/jre" />

          <property name="java.specification.vendor" value="Oracle Corporation" />

          <property name="user.language" value="en" />

          <property name="awt.toolkit" value="sun.awt.X11.XToolkit" />

          <property name="java.vm.info" value="mixed mode" />

          <property name="java.version" value="1.7.0_85" />

          <property name="java.ext.dirs" value="/usr/lib/jvm/java-7-openjdk-amd64/jre/lib/ext:/usr/java/packages/lib/ext" />

          <property name="ant.file.type.regexp_vis" value="file" />

          <property name="sun.boot.class.path" value="/usr/lib/jvm/java-7-openjdk-amd64/jre/lib/resources.jar:/usr/lib/jvm/java-7-openjdk-amd64/jre/lib/rt.jar:/usr/lib/jvm/java-7-openjdk-amd64/jre/lib/sunrsasign.jar:/usr/lib/jvm/java-7-openjdk-amd64/jre/lib/jsse.jar:/usr/lib/jvm/java-7-openjdk-amd64/jre/lib/jce.jar:/usr/lib/jvm/java-7-openjdk-amd64/jre/lib/charsets.jar:/usr/lib/jvm/java-7-openjdk-amd64/jre/lib/rhino.jar:/usr/lib/jvm/java-7-openjdk-amd64/jre/lib/jfr.jar:/usr/lib/jvm/java-7-openjdk-amd64/jre/classes" />

          <property name="java.vendor" value="Oracle Corporation" />

          <property name="outdir" value="/media/lykat/Data/Documents/Uni/group_co600/co600_project/regexp_vis/testreports/2015-11-17_130100" />

          <property name="file.separator" value="/" />

          <property name="java.vendor.url.bug" value="http://bugreport.sun.com/bugreport/" />

          <property name="sun.cpu.endian" value="little" />

          <property name="sun.io.unicode.encoding" value="UnicodeLittle" />

          <property name="ant.file.type" value="file" />

          <property name="sun.cpu.isalist" value="" />

      </properties>

      <error message="com/mxgraph/swing/mxGraphComponent" type="java.lang.NoClassDefFoundError">java.lang.NoClassDefFoundError: com/mxgraph/swing/mxGraphComponent
	at java.lang.ClassLoader.defineClass1(Native Method)
	at java.lang.ClassLoader.defineClass(ClassLoader.java:800)
	at java.security.SecureClassLoader.defineClass(SecureClassLoader.java:142)
	at java.net.URLClassLoader.defineClass(URLClassLoader.java:449)
	at java.net.URLClassLoader.access$100(URLClassLoader.java:71)
	at java.net.URLClassLoader$1.run(URLClassLoader.java:361)
	at java.net.URLClassLoader$1.run(URLClassLoader.java:355)
	at java.security.AccessController.doPrivileged(Native Method)
	at java.net.URLClassLoader.findClass(URLClassLoader.java:354)
	at java.lang.ClassLoader.loadClass(ClassLoader.java:425)
	at sun.misc.Launcher$AppClassLoader.loadClass(Launcher.java:308)
	at java.lang.ClassLoader.loadClass(ClassLoader.java:358)
	at java.lang.Class.forName0(Native Method)
	at java.lang.Class.forName(Class.java:195)
Caused by: java.lang.ClassNotFoundException: com.mxgraph.swing.mxGraphComponent
	at java.net.URLClassLoader$1.run(URLClassLoader.java:366)
	at java.net.URLClassLoader$1.run(URLClassLoader.java:355)
	at java.security.AccessController.doPrivileged(Native Method)
	at java.net.URLClassLoader.findClass(URLClassLoader.java:354)
	at java.lang.ClassLoader.loadClass(ClassLoader.java:425)
	at sun.misc.Launcher$AppClassLoader.loadClass(Launcher.java:308)
	at java.lang.ClassLoader.loadClass(ClassLoader.java:358)
</error>

      <system-out />

      <system-err />

  </testsuite>
  <testsuite errors="1" failures="0" hostname="ruka" id="5" name="UICommandHistoryTest" package="test.ui" skipped="0" tests="1" time="0.055" timestamp="2015-11-17T13:01:01">
      <properties>
          <property name="ant.project.invoked-targets" value="runtests" />

          <property name="java.runtime.name" value="OpenJDK Runtime Environment" />

          <property name="sun.boot.library.path" value="/usr/lib/jvm/java-7-openjdk-amd64/jre/lib/amd64" />

          <property name="java.vm.version" value="24.85-b03" />

          <property name="ant.library.dir" value="/usr/share/ant/lib" />

          <property name="ant.version" value="Apache Ant(TM) version 1.9.3 compiled on April 8 2014" />

          <property name="ant.java.version" value="1.7" />

          <property name="java.vm.vendor" value="Oracle Corporation" />

          <property name="java.vendor.url" value="http://java.oracle.com/" />

          <property name="ant.file.regexp_vis" value="/media/lykat/Data/Documents/Uni/group_co600/co600_project/regexp_vis/build.xml" />

          <property name="path.separator" value=":" />

          <property name="java.vm.name" value="OpenJDK 64-Bit Server VM" />

          <property name="file.encoding.pkg" value="sun.io" />

          <property name="user.country" value="GB" />

          <property name="sun.java.launcher" value="SUN_STANDARD" />

          <property name="sun.os.patch.level" value="unknown" />

          <property name="java.vm.specification.name" value="Java Virtual Machine Specification" />

          <property name="user.dir" value="/media/lykat/Data/Documents/Uni/group_co600/co600_project/regexp_vis" />

          <property name="timestamp" value="2015-11-17_130100" />

          <property name="java.runtime.version" value="1.7.0_85-b01" />

          <property name="java.awt.graphicsenv" value="sun.awt.X11GraphicsEnvironment" />

          <property name="basedir" value="/media/lykat/Data/Documents/Uni/group_co600/co600_project/regexp_vis" />

          <property name="java.endorsed.dirs" value="/usr/lib/jvm/java-7-openjdk-amd64/jre/lib/endorsed" />

          <property name="os.arch" value="amd64" />

          <property name="ant.project.default-target" value="jar" />

          <property name="java.io.tmpdir" value="/tmp" />

          <property name="ant.core.lib" value="/usr/share/ant/lib/ant.jar" />

          <property name="line.separator" value="&#xa;" />

          <property name="java.vm.specification.vendor" value="Oracle Corporation" />

          <property name="mainclass" value="main.Program" />

          <property name="os.name" value="Linux" />

          <property name="DSTAMP" value="20151117" />

          <property name="ant.home" value="/usr/share/ant" />

          <property name="ant.project.name" value="regexp_vis" />

          <property name="sun.jnu.encoding" value="UTF-8" />

          <property name="reportdir" value="/media/lykat/Data/Documents/Uni/group_co600/co600_project/regexp_vis/testreports" />

          <property name="TODAY" value="November 17 2015" />

          <property name="java.library.path" value="/usr/java/packages/lib/amd64:/usr/lib/x86_64-linux-gnu/jni:/lib/x86_64-linux-gnu:/usr/lib/x86_64-linux-gnu:/usr/lib/jni:/lib:/usr/lib" />

          <property name="java.class.version" value="51.0" />

          <property name="java.specification.name" value="Java Platform API Specification" />

          <property name="sun.management.compiler" value="HotSpot 64-Bit Tiered Compilers" />

          <property name="os.version" value="3.13.0-66-generic" />

          <property name="ant.file" value="/media/lykat/Data/Documents/Uni/group_co600/co600_project/regexp_vis/build.xml" />

          <property name="user.home" value="/home/lykat" />

          <property name="user.timezone" value="" />

          <property name="java.awt.printerjob" value="sun.print.PSPrinterJob" />

          <property name="java.specification.version" value="1.7" />

          <property name="file.encoding" value="UTF-8" />

          <property name="TSTAMP" value="1301" />

          <property name="java.class.path" value="/media/lykat/Data/Documents/Uni/group_co600/co600_project/regexp_vis/lib/test/ant-junit.jar:/media/lykat/Data/Documents/Uni/group_co600/co600_project/regexp_vis/lib/test/hamcrest-core-1.3.jar:/media/lykat/Data/Documents/Uni/group_co600/co600_project/regexp_vis/lib/test/junit-4.12.jar:/media/lykat/Data/Documents/Uni/group_co600/co600_project/regexp_vis/bin:/usr/share/java/ant-launcher-1.9.3.jar:/usr/share/ant/lib/ant.jar:/usr/share/ant/lib/ant-junit.jar:/usr/share/ant/lib/ant-junit4.jar" />

          <property name="user.name" value="lykat" />

          <property name="java.vm.specification.version" value="1.7" />

          <property name="sun.java.command" value="org.apache.tools.ant.taskdefs.optional.junit.JUnitTestRunner test.ui.UICommandHistoryTest skipNonTests=false filtertrace=true haltOnError=false haltOnFailure=false formatter=org.apache.tools.ant.taskdefs.optional.junit.SummaryJUnitResultFormatter showoutput=false outputtoformatters=true logfailedtests=true logtestlistenerevents=false formatter=org.apache.tools.ant.taskdefs.optional.junit.XMLJUnitResultFormatter,/media/lykat/Data/Documents/Uni/group_co600/co600_project/regexp_vis/testreports/2015-11-17_130100/TEST-test.ui.UICommandHistoryTest.xml crashfile=/media/lykat/Data/Documents/Uni/group_co600/co600_project/regexp_vis/junitvmwatcher1373473971402382485.properties propsfile=/media/lykat/Data/Documents/Uni/group_co600/co600_project/regexp_vis/junit1777250526545325809.properties" />

          <property name="sun.arch.data.model" value="64" />

          <property name="java.home" value="/usr/lib/jvm/java-7-openjdk-amd64/jre" />

          <property name="java.specification.vendor" value="Oracle Corporation" />

          <property name="user.language" value="en" />

          <property name="awt.toolkit" value="sun.awt.X11.XToolkit" />

          <property name="java.vm.info" value="mixed mode" />

          <property name="java.version" value="1.7.0_85" />

          <property name="java.ext.dirs" value="/usr/lib/jvm/java-7-openjdk-amd64/jre/lib/ext:/usr/java/packages/lib/ext" />

          <property name="ant.file.type.regexp_vis" value="file" />

          <property name="sun.boot.class.path" value="/usr/lib/jvm/java-7-openjdk-amd64/jre/lib/resources.jar:/usr/lib/jvm/java-7-openjdk-amd64/jre/lib/rt.jar:/usr/lib/jvm/java-7-openjdk-amd64/jre/lib/sunrsasign.jar:/usr/lib/jvm/java-7-openjdk-amd64/jre/lib/jsse.jar:/usr/lib/jvm/java-7-openjdk-amd64/jre/lib/jce.jar:/usr/lib/jvm/java-7-openjdk-amd64/jre/lib/charsets.jar:/usr/lib/jvm/java-7-openjdk-amd64/jre/lib/rhino.jar:/usr/lib/jvm/java-7-openjdk-amd64/jre/lib/jfr.jar:/usr/lib/jvm/java-7-openjdk-amd64/jre/classes" />

          <property name="java.vendor" value="Oracle Corporation" />

          <property name="outdir" value="/media/lykat/Data/Documents/Uni/group_co600/co600_project/regexp_vis/testreports/2015-11-17_130100" />

          <property name="file.separator" value="/" />

          <property name="java.vendor.url.bug" value="http://bugreport.sun.com/bugreport/" />

          <property name="sun.cpu.endian" value="little" />

          <property name="sun.io.unicode.encoding" value="UnicodeLittle" />

          <property name="ant.file.type" value="file" />

          <property name="sun.cpu.isalist" value="" />

      </properties>

      <testcase classname="test.ui.UICommandHistoryTest" name="testGraphHistoryComplex" time="0.006">
          <error message="com/mxgraph/view/mxGraph" type="java.lang.NoClassDefFoundError">java.lang.NoClassDefFoundError: com/mxgraph/view/mxGraph
	at java.lang.ClassLoader.defineClass1(Native Method)
	at java.lang.ClassLoader.defineClass(ClassLoader.java:800)
	at java.security.SecureClassLoader.defineClass(SecureClassLoader.java:142)
	at java.net.URLClassLoader.defineClass(URLClassLoader.java:449)
	at java.net.URLClassLoader.access$100(URLClassLoader.java:71)
	at java.net.URLClassLoader$1.run(URLClassLoader.java:361)
	at java.net.URLClassLoader$1.run(URLClassLoader.java:355)
	at java.security.AccessController.doPrivileged(Native Method)
	at java.net.URLClassLoader.findClass(URLClassLoader.java:354)
	at java.lang.ClassLoader.loadClass(ClassLoader.java:425)
	at sun.misc.Launcher$AppClassLoader.loadClass(Launcher.java:308)
	at java.lang.ClassLoader.loadClass(ClassLoader.java:358)
	at test.ui.UICommandHistoryTest.testGraphHistoryComplex(Unknown Source)
Caused by: java.lang.ClassNotFoundException: com.mxgraph.view.mxGraph
	at java.net.URLClassLoader$1.run(URLClassLoader.java:366)
	at java.net.URLClassLoader$1.run(URLClassLoader.java:355)
	at java.security.AccessController.doPrivileged(Native Method)
	at java.net.URLClassLoader.findClass(URLClassLoader.java:354)
	at java.lang.ClassLoader.loadClass(ClassLoader.java:425)
	at sun.misc.Launcher$AppClassLoader.loadClass(Launcher.java:308)
	at java.lang.ClassLoader.loadClass(ClassLoader.java:358)
</error>

      </testcase>

      <system-out />

      <system-err />

  </testsuite>
  <testsuite errors="1" failures="0" hostname="ruka" id="6" name="UITest" package="test.ui" skipped="0" tests="1" time="0.049" timestamp="2015-11-17T13:01:01">
      <properties>
          <property name="ant.project.invoked-targets" value="runtests" />

          <property name="java.runtime.name" value="OpenJDK Runtime Environment" />

          <property name="sun.boot.library.path" value="/usr/lib/jvm/java-7-openjdk-amd64/jre/lib/amd64" />

          <property name="java.vm.version" value="24.85-b03" />

          <property name="ant.library.dir" value="/usr/share/ant/lib" />

          <property name="ant.version" value="Apache Ant(TM) version 1.9.3 compiled on April 8 2014" />

          <property name="ant.java.version" value="1.7" />

          <property name="java.vm.vendor" value="Oracle Corporation" />

          <property name="java.vendor.url" value="http://java.oracle.com/" />

          <property name="ant.file.regexp_vis" value="/media/lykat/Data/Documents/Uni/group_co600/co600_project/regexp_vis/build.xml" />

          <property name="path.separator" value=":" />

          <property name="java.vm.name" value="OpenJDK 64-Bit Server VM" />

          <property name="file.encoding.pkg" value="sun.io" />

          <property name="user.country" value="GB" />

          <property name="sun.java.launcher" value="SUN_STANDARD" />

          <property name="sun.os.patch.level" value="unknown" />

          <property name="java.vm.specification.name" value="Java Virtual Machine Specification" />

          <property name="user.dir" value="/media/lykat/Data/Documents/Uni/group_co600/co600_project/regexp_vis" />

          <property name="timestamp" value="2015-11-17_130100" />

          <property name="java.runtime.version" value="1.7.0_85-b01" />

          <property name="java.awt.graphicsenv" value="sun.awt.X11GraphicsEnvironment" />

          <property name="basedir" value="/media/lykat/Data/Documents/Uni/group_co600/co600_project/regexp_vis" />

          <property name="java.endorsed.dirs" value="/usr/lib/jvm/java-7-openjdk-amd64/jre/lib/endorsed" />

          <property name="os.arch" value="amd64" />

          <property name="ant.project.default-target" value="jar" />

          <property name="java.io.tmpdir" value="/tmp" />

          <property name="ant.core.lib" value="/usr/share/ant/lib/ant.jar" />

          <property name="line.separator" value="&#xa;" />

          <property name="java.vm.specification.vendor" value="Oracle Corporation" />

          <property name="mainclass" value="main.Program" />

          <property name="os.name" value="Linux" />

          <property name="DSTAMP" value="20151117" />

          <property name="ant.home" value="/usr/share/ant" />

          <property name="ant.project.name" value="regexp_vis" />

          <property name="sun.jnu.encoding" value="UTF-8" />

          <property name="reportdir" value="/media/lykat/Data/Documents/Uni/group_co600/co600_project/regexp_vis/testreports" />

          <property name="TODAY" value="November 17 2015" />

          <property name="java.library.path" value="/usr/java/packages/lib/amd64:/usr/lib/x86_64-linux-gnu/jni:/lib/x86_64-linux-gnu:/usr/lib/x86_64-linux-gnu:/usr/lib/jni:/lib:/usr/lib" />

          <property name="java.class.version" value="51.0" />

          <property name="java.specification.name" value="Java Platform API Specification" />

          <property name="sun.management.compiler" value="HotSpot 64-Bit Tiered Compilers" />

          <property name="os.version" value="3.13.0-66-generic" />

          <property name="ant.file" value="/media/lykat/Data/Documents/Uni/group_co600/co600_project/regexp_vis/build.xml" />

          <property name="user.home" value="/home/lykat" />

          <property name="user.timezone" value="" />

          <property name="java.awt.printerjob" value="sun.print.PSPrinterJob" />

          <property name="java.specification.version" value="1.7" />

          <property name="file.encoding" value="UTF-8" />

          <property name="TSTAMP" value="1301" />

          <property name="java.class.path" value="/media/lykat/Data/Documents/Uni/group_co600/co600_project/regexp_vis/lib/test/ant-junit.jar:/media/lykat/Data/Documents/Uni/group_co600/co600_project/regexp_vis/lib/test/hamcrest-core-1.3.jar:/media/lykat/Data/Documents/Uni/group_co600/co600_project/regexp_vis/lib/test/junit-4.12.jar:/media/lykat/Data/Documents/Uni/group_co600/co600_project/regexp_vis/bin:/usr/share/java/ant-launcher-1.9.3.jar:/usr/share/ant/lib/ant.jar:/usr/share/ant/lib/ant-junit.jar:/usr/share/ant/lib/ant-junit4.jar" />

          <property name="user.name" value="lykat" />

          <property name="java.vm.specification.version" value="1.7" />

          <property name="sun.java.command" value="org.apache.tools.ant.taskdefs.optional.junit.JUnitTestRunner test.ui.UITest skipNonTests=false filtertrace=true haltOnError=false haltOnFailure=false formatter=org.apache.tools.ant.taskdefs.optional.junit.SummaryJUnitResultFormatter showoutput=false outputtoformatters=true logfailedtests=true logtestlistenerevents=false formatter=org.apache.tools.ant.taskdefs.optional.junit.XMLJUnitResultFormatter,/media/lykat/Data/Documents/Uni/group_co600/co600_project/regexp_vis/testreports/2015-11-17_130100/TEST-test.ui.UITest.xml crashfile=/media/lykat/Data/Documents/Uni/group_co600/co600_project/regexp_vis/junitvmwatcher1691785030352554145.properties propsfile=/media/lykat/Data/Documents/Uni/group_co600/co600_project/regexp_vis/junit1345655069504878461.properties" />

          <property name="sun.arch.data.model" value="64" />

          <property name="java.home" value="/usr/lib/jvm/java-7-openjdk-amd64/jre" />

          <property name="java.specification.vendor" value="Oracle Corporation" />

          <property name="user.language" value="en" />

          <property name="awt.toolkit" value="sun.awt.X11.XToolkit" />

          <property name="java.vm.info" value="mixed mode" />

          <property name="java.version" value="1.7.0_85" />

          <property name="java.ext.dirs" value="/usr/lib/jvm/java-7-openjdk-amd64/jre/lib/ext:/usr/java/packages/lib/ext" />

          <property name="ant.file.type.regexp_vis" value="file" />

          <property name="sun.boot.class.path" value="/usr/lib/jvm/java-7-openjdk-amd64/jre/lib/resources.jar:/usr/lib/jvm/java-7-openjdk-amd64/jre/lib/rt.jar:/usr/lib/jvm/java-7-openjdk-amd64/jre/lib/sunrsasign.jar:/usr/lib/jvm/java-7-openjdk-amd64/jre/lib/jsse.jar:/usr/lib/jvm/java-7-openjdk-amd64/jre/lib/jce.jar:/usr/lib/jvm/java-7-openjdk-amd64/jre/lib/charsets.jar:/usr/lib/jvm/java-7-openjdk-amd64/jre/lib/rhino.jar:/usr/lib/jvm/java-7-openjdk-amd64/jre/lib/jfr.jar:/usr/lib/jvm/java-7-openjdk-amd64/jre/classes" />

          <property name="java.vendor" value="Oracle Corporation" />

          <property name="outdir" value="/media/lykat/Data/Documents/Uni/group_co600/co600_project/regexp_vis/testreports/2015-11-17_130100" />

          <property name="file.separator" value="/" />

          <property name="java.vendor.url.bug" value="http://bugreport.sun.com/bugreport/" />

          <property name="sun.cpu.endian" value="little" />

          <property name="sun.io.unicode.encoding" value="UnicodeLittle" />

          <property name="ant.file.type" value="file" />

          <property name="sun.cpu.isalist" value="" />

      </properties>

      <testcase classname="test.ui.UITest" name="initializationError" time="0.004">
          <error message="No runnable methods" type="java.lang.Exception">java.lang.Exception: No runnable methods
	at java.lang.reflect.Constructor.newInstance(Constructor.java:526)
</error>

      </testcase>

      <system-out />

      <system-err />

  </testsuite>
</testsuites>
